<?xml version="1.0" encoding="utf-8"?>
<TestRun id="2b3cfab0-f5a7-4f5f-aead-4ec0d874c19d" name="mbye@TPG-PF68GP5X 2026-09-12 17:41:31" runUser="TELEPLAN\mbye" xmlns="http://microsoft.com/schemas/VisualStudio/TeamTest/2010">
  <Times creation="2026-09-12T17:41:31.4668665+02:00" queuing="2026-09-12T17:41:31.4668668+02:00" start="2026-09-12T17:41:27.5568467+02:00" finish="2026-09-12T17:44:12.4767922+02:00" />
  <TestSettings name="default" id="8ab0b831-bd2d-402d-88c6-77bee799e635">
    <Deployment runDeploymentRoot="mbye_TPG-PF68GP5X_2026-09-12_17_41_31" />
  </TestSettings>
  <Results>
    <UnitTestResult executionId="ff3c28bd-1921-486b-918b-40e8936ed12b" testId="451c5cd2-33c3-e016-2c20-58ac69d21016" testName="StorageDemo.Tests.Application.SegmentedDocumentTests.Seeking_lands_on_the_right_byte_wherever_it_is_asked_to(position: 199)" computerName="TPG-PF68GP5X" duration="00:00:00.1197726" startTime="2026-09-12T17:41:31.2245289+02:00" endTime="2026-09-12T17:41:31.3688525+02:00" testType="13cdc9d9-ddb5-4fa4-a97d-d965ccfc6d4b" outcome="Passed" testListId="8c84fa94-04c1-424b-9868-57a2d4851a1d" relativeResultsDirectory="ff3c28bd-1921-486b-918b-40e8936ed12b" />
    <UnitTestResult executionId="2fd26637-e9b4-4cce-85b9-8902308e5901" testId="b663e882-65d8-06f0-d57f-d8bfd0d28380" testName="StorageDemo.Tests.Application.Misb0601RealStreamTests.The_platform_flies_one_continuous_path_at_a_plausible_attitude" computerName="TPG-PF68GP5X" duration="00:00:00.8087263" startTime="2026-09-12T17:41:36.8046579+02:00" endTime="2026-09-12T17:41:37.6135366+02:00" testType="13cdc9d9-ddb5-4fa4-a97d-d965ccfc6d4b" outcome="Passed" testListId="8c84fa94-04c1-424b-9868-57a2d4851a1d" relativeResultsDirectory="2fd26637-e9b4-4cce-85b9-8902308e5901" />
    <UnitTestResult executionId="3db8b959-beb5-45ac-b4ee-01b916fbe00a" testId="b8514a27-c7e8-218d-9409-c2c1f81a5301" testName="StorageDemo.Tests.Integration.LiveRelayTests.The_timeline_does_not_go_backwards_across_a_re_attach" computerName="TPG-PF68GP5X" duration="00:00:02.9920937" startTime="2026-09-12T17:41:31.4701580+02:00" endTime="2026-09-12T17:41:34.4624259+02:00" testType="13cdc9d9-ddb5-4fa4-a97d-d965ccfc6d4b" outcome="Passed" testListId="8c84fa94-04c1-424b-9868-57a2d4851a1d" relativeResultsDirectory="3db8b959-beb5-45ac-b4ee-01b916fbe00a" />
    <UnitTestResult executionId="72374977-d9ee-4401-a07a-a64dac9980b8" testId="72a42bc3-7bea-5c52-bf54-f0b3eb61d89b" testName="StorageDemo.Tests.Infrastructure.StreamNameTests.A_name_at_the_limit_of_the_allowed_length_is_accepted" computerName="TPG-PF68GP5X" duration="00:00:00.0021296" startTime="2026-09-12T17:41:31.3597611+02:00" endTime="2026-09-12T17:41:31.3619665+02:00" testType="13cdc9d9-ddb5-4fa4-a97d-d965ccfc6d4b" outcome="Passed" testListId="8c84fa94-04c1-424b-9868-57a2d4851a1d" relativeResultsDirectory="72374977-d9ee-4401-a07a-a64dac9980b8" />
    <UnitTestResult executionId="05c6afda-1393-4c85-9e46-277463e89ed6" testId="37845dba-cf01-d5ae-60ba-6184ecf39362" testName="StorageDemo.Tests.Infrastructure.MediaAnalyzerFrameTests.The_latest_frame_is_the_end_of_the_media_not_the_poster_frame" computerName="TPG-PF68GP5X" duration="00:00:00.9181700" startTime="2026-09-12T17:41:38.0100222+02:00" endTime="2026-09-12T17:41:38.9288793+02:00" testType="13cdc9d9-ddb5-4fa4-a97d-d965ccfc6d4b" outcome="Passed" testListId="8c84fa94-04c1-424b-9868-57a2d4851a1d" relativeResultsDirectory="05c6afda-1393-4c85-9e46-277463e89ed6" />
    <UnitTestResult executionId="df309ba7-dd58-4998-bdaa-95b016e84506" testId="456f7c8d-bfab-c9f2-62a4-08c5a4e7ebd6" testName="StorageDemo.Tests.Infrastructure.FileSystemStorageTests.List_of_an_empty_prefix_yields_nothing" computerName="TPG-PF68GP5X" duration="00:00:00.0058915" startTime="2026-09-12T17:41:31.6660360+02:00" endTime="2026-09-12T17:41:31.6720112+02:00" testType="13cdc9d9-ddb5-4fa4-a97d-d965ccfc6d4b" outcome="Passed" testListId="8c84fa94-04c1-424b-9868-57a2d4851a1d" relativeResultsDirectory="df309ba7-dd58-4998-bdaa-95b016e84506" />
    <UnitTestResult executionId="a41fee0c-5197-4428-91c3-a4cd29c33ea6" testId="907e899a-ffdb-2131-80c5-5273b0cfcf97" testName="StorageDemo.Tests.Integration.GrpcApiTests.A_malformed_id_is_rejected_rather_than_treated_as_missing" computerName="TPG-PF68GP5X" duration="00:00:00.0772540" startTime="2026-09-12T17:41:50.7221739+02:00" endTime="2026-09-12T17:41:50.7995950+02:00" testType="13cdc9d9-ddb5-4fa4-a97d-d965ccfc6d4b" outcome="Passed" testListId="8c84fa94-04c1-424b-9868-57a2d4851a1d" relativeResultsDirectory="a41fee0c-5197-4428-91c3-a4cd29c33ea6" />
    <UnitTestResult executionId="583c76bd-35b1-4778-b04b-8bbd0b4d8063" testId="97340e87-2e9f-2bae-9e62-ca5abd7374a6" testName="StorageDemo.Tests.Integration.GrpcApiTests.Uploaded_documents_appear_in_the_listing_and_disappear_after_delete" computerName="TPG-PF68GP5X" duration="00:00:00.2101180" startTime="2026-09-12T17:41:44.1568183+02:00" endTime="2026-09-12T17:41:44.3670554+02:00" testType="13cdc9d9-ddb5-4fa4-a97d-d965ccfc6d4b" outcome="Passed" testListId="8c84fa94-04c1-424b-9868-57a2d4851a1d" relativeResultsDirectory="583c76bd-35b1-4778-b04b-8bbd0b4d8063" />
    <UnitTestResult executionId="c9348f66-f072-4c4a-a992-83eb2d8d19c0" testId="3b976389-96c0-8657-93f4-4b4f791b7806" testName="StorageDemo.Tests.Infrastructure.LiveMetricsTests.Accepts_and_rejects_are_tagged_by_port_and_by_reason_and_by_nothing_else" computerName="TPG-PF68GP5X" duration="00:00:00.0524395" startTime="2026-09-12T17:41:31.4129619+02:00" endTime="2026-09-12T17:41:31.4654583+02:00" testType="13cdc9d9-ddb5-4fa4-a97d-d965ccfc6d4b" outcome="Passed" testListId="8c84fa94-04c1-424b-9868-57a2d4851a1d" relativeResultsDirectory="c9348f66-f072-4c4a-a992-83eb2d8d19c0" />
    <UnitTestResult executionId="2b898e41-74aa-4bd8-b609-10f59e13c131" testId="64a79838-8842-3b9c-b813-fdbbf8b75d3a" testName="StorageDemo.Tests.Application.DocumentServiceTests.Upload_without_metadata_carries_none" computerName="TPG-PF68GP5X" duration="00:00:00.0027934" startTime="2026-09-12T17:41:31.9239026+02:00" endTime="2026-09-12T17:41:31.9275254+02:00" testType="13cdc9d9-ddb5-4fa4-a97d-d965ccfc6d4b" outcome="Passed" testListId="8c84fa94-04c1-424b-9868-57a2d4851a1d" relativeResultsDirectory="2b898e41-74aa-4bd8-b609-10f59e13c131" />
    <UnitTestResult executionId="50c1bd91-fca1-455a-b015-933d333c7774" testId="e81c560c-24e9-6ae6-7b87-50900487fcb5" testName="StorageDemo.Tests.Integration.LiveStreamTests.A_reconnect_on_another_ingest_port_resumes_the_same_stream" computerName="TPG-PF68GP5X" duration="00:00:08.5987490" startTime="2026-09-12T17:44:03.3230288+02:00" endTime="2026-09-12T17:44:11.9218465+02:00" testType="13cdc9d9-ddb5-4fa4-a97d-d965ccfc6d4b" outcome="Passed" testListId="8c84fa94-04c1-424b-9868-57a2d4851a1d" relativeResultsDirectory="50c1bd91-fca1-455a-b015-933d333c7774" />
    <UnitTestResult executionId="2cb96b7b-100d-4d22-8abd-d48b4e25177d" testId="6deb5cff-0149-8b1d-1846-d1dbd153ac3e" testName="StorageDemo.Tests.Application.SegmentedDocumentTests.Deleting_removes_every_piece" computerName="TPG-PF68GP5X" duration="00:00:00.0088150" startTime="2026-09-12T17:41:31.4256472+02:00" endTime="2026-09-12T17:41:31.4345504+02:00" testType="13cdc9d9-ddb5-4fa4-a97d-d965ccfc6d4b" outcome="Passed" testListId="8c84fa94-04c1-424b-9868-57a2d4851a1d" relativeResultsDirectory="2cb96b7b-100d-4d22-8abd-d48b4e25177d" />
    <UnitTestResult executionId="71df7fad-0be6-4366-889a-0e58d1800cc7" testId="2a332002-2dad-21ab-8e4d-b1a8887a5687" testName="StorageDemo.Tests.Application.Misb0903Tests.A_box_outside_the_frame_is_refused_rather_than_encoded" computerName="TPG-PF68GP5X" duration="00:00:00.0020666" startTime="2026-09-12T17:41:31.7014392+02:00" endTime="2026-09-12T17:41:31.7036005+02:00" testType="13cdc9d9-ddb5-4fa4-a97d-d965ccfc6d4b" outcome="Passed" testListId="8c84fa94-04c1-424b-9868-57a2d4851a1d" relativeResultsDirectory="71df7fad-0be6-4366-889a-0e58d1800cc7" />
    <UnitTestResult executionId="59a89758-daf9-4f70-8cdb-640d5085528f" testId="61999e66-1181-ffe6-4f2c-a1d3e67d083d" testName="StorageDemo.Tests.Application.CoordinationTests.Queued_work_comes_back_in_the_order_it_went_in" computerName="TPG-PF68GP5X" duration="00:00:00.0118899" startTime="2026-09-12T17:41:31.6425756+02:00" endTime="2026-09-12T17:41:31.6545707+02:00" testType="13cdc9d9-ddb5-4fa4-a97d-d965ccfc6d4b" outcome="Passed" testListId="8c84fa94-04c1-424b-9868-57a2d4851a1d" relativeResultsDirectory="59a89758-daf9-4f70-8cdb-640d5085528f" />
    <UnitTestResult executionId="1e1dc13a-864b-49d8-9db1-67f9be81fc0a" testId="47c0f319-6130-e368-23c4-2e49d5644b20" testName="StorageDemo.Tests.Infrastructure.SrtSocketStreamTests.A_refused_send_faults_the_stream_and_stops_writing" computerName="TPG-PF68GP5X" duration="00:00:00.0113039" startTime="2026-09-12T17:41:31.6191311+02:00" endTime="2026-09-12T17:41:31.6305145+02:00" testType="13cdc9d9-ddb5-4fa4-a97d-d965ccfc6d4b" outcome="Passed" testListId="8c84fa94-04c1-424b-9868-57a2d4851a1d" relativeResultsDirectory="1e1dc13a-864b-49d8-9db1-67f9be81fc0a" />
    <UnitTestResult executionId="ab92ed25-cd73-4e0f-827c-5bb6769c0638" testId="6e0dca6e-1473-0369-5ab4-59fb115e6283" testName="StorageDemo.Tests.Infrastructure.SrtListenerTests.Twenty_senders_started_at_once_are_all_accepted_within_five_seconds" computerName="TPG-PF68GP5X" duration="00:00:02.6150262" startTime="2026-09-12T17:41:38.7811662+02:00" endTime="2026-09-12T17:41:41.3963807+02:00" testType="13cdc9d9-ddb5-4fa4-a97d-d965ccfc6d4b" outcome="Passed" testListId="8c84fa94-04c1-424b-9868-57a2d4851a1d" relativeResultsDirectory="ab92ed25-cd73-4e0f-827c-5bb6769c0638" />
    <UnitTestResult executionId="274b4d81-7a54-461f-9a3a-b477131b533e" testId="d81168e0-379a-06f2-ff9f-4f9510722cb7" testName="StorageDemo.Tests.Application.RetentionSweeperTests.An_old_snapshot_is_expired_too" computerName="TPG-PF68GP5X" duration="00:00:00.0045147" startTime="2026-09-12T17:41:31.5015443+02:00" endTime="2026-09-12T17:41:31.5061096+02:00" testType="13cdc9d9-ddb5-4fa4-a97d-d965ccfc6d4b" outcome="Passed" testListId="8c84fa94-04c1-424b-9868-57a2d4851a1d" relativeResultsDirectory="274b4d81-7a54-461f-9a3a-b477131b533e" />
    <UnitTestResult executionId="17497879-26e8-40e8-ab9a-a18b7a8f80cd" testId="2697ff03-f06c-6855-ce29-cc314f2a58b1" testName="StorageDemo.Tests.Application.ContentTypeTests.Common_types_map_as_expected(fileName: &quot;notes.txt&quot;, expected: &quot;text/plain&quot;)" computerName="TPG-PF68GP5X" duration="00:00:00.0000673" startTime="2026-09-12T17:41:31.4122847+02:00" endTime="2026-09-12T17:41:31.4124198+02:00" testType="13cdc9d9-ddb5-4fa4-a97d-d965ccfc6d4b" outcome="Passed" testListId="8c84fa94-04c1-424b-9868-57a2d4851a1d" relativeResultsDirectory="17497879-26e8-40e8-ab9a-a18b7a8f80cd" />
    <UnitTestResult executionId="9b709660-c205-4923-904b-016ab6dc7cff" testId="4927a00b-87ea-9c9e-ca2a-e2a1485abd09" testName="StorageDemo.Tests.Infrastructure.StreamNameTests.An_unusable_name_is_rejected_rather_than_repaired(streamId: &quot;has,comma&quot;)" computerName="TPG-PF68GP5X" duration="00:00:00.0000518" startTime="2026-09-12T17:41:31.3584108+02:00" endTime="2026-09-12T17:41:31.3585175+02:00" testType="13cdc9d9-ddb5-4fa4-a97d-d965ccfc6d4b" outcome="Passed" testListId="8c84fa94-04c1-424b-9868-57a2d4851a1d" relativeResultsDirectory="9b709660-c205-4923-904b-016ab6dc7cff" />
    <UnitTestResult executionId="9068b225-cf97-4a6a-90e9-c43d6def55f0" testId="388e118c-4940-0c4d-259c-0d3e0c69ea18" testName="StorageDemo.Tests.Infrastructure.RollingBufferTests.The_byte_ceiling_binds_before_the_window_and_says_so" computerName="TPG-PF68GP5X" duration="00:00:00.0031556" startTime="2026-09-12T17:41:31.3580262+02:00" endTime="2026-09-12T17:41:31.3612821+02:00" testType="13cdc9d9-ddb5-4fa4-a97d-d965ccfc6d4b" outcome="Passed" testListId="8c84fa94-04c1-424b-9868-57a2d4851a1d" relativeResultsDirectory="9068b225-cf97-4a6a-90e9-c43d6def55f0" />
    <UnitTestResult executionId="056ac69f-bd3a-47d3-82c8-773dd6711dd0" testId="aa0f1a4c-0c4a-1012-386d-26fdfa344ed7" testName="StorageDemo.Tests.Application.Misb0601Tests.A_packet_whose_checksum_does_not_match_is_rejected" computerName="TPG-PF68GP5X" duration="00:00:00.0005911" startTime="2026-09-12T17:41:31.6375201+02:00" endTime="2026-09-12T17:41:31.6381889+02:00" testType="13cdc9d9-ddb5-4fa4-a97d-d965ccfc6d4b" outcome="Passed" testListId="8c84fa94-04c1-424b-9868-57a2d4851a1d" relativeResultsDirectory="056ac69f-bd3a-47d3-82c8-773dd6711dd0" />
    <UnitTestResult executionId="d644dd2d-beaf-466b-808c-24cc479c2b48" testId="03f1902c-9d1b-f588-62a0-7f75c54b54b1" testName="StorageDemo.Tests.Application.ContentTypeTests.Kind_is_derived_from_the_name_when_no_type_was_declared(fileName: &quot;photo.jpg&quot;, expected: Image)" computerName="TPG-PF68GP5X" duration="00:00:00.0040863" startTime="2026-09-12T17:41:31.4821264+02:00" endTime="2026-09-12T17:41:31.4863124+02:00" testType="13cdc9d9-ddb5-4fa4-a97d-d965ccfc6d4b" outcome="Passed" testListId="8c84fa94-04c1-424b-9868-57a2d4851a1d" relativeResultsDirectory="d644dd2d-beaf-466b-808c-24cc479c2b48" />
    <UnitTestResult executionId="9454cab3-33c5-4284-b7f3-dd98d92f5515" testId="9f31fafb-fdef-f536-16e6-f15415044428" testName="StorageDemo.Tests.Integration.GrpcApiTests.SnapshotLive_carries_the_detection_and_ListByDetection_finds_what_it_produced" computerName="TPG-PF68GP5X" duration="00:00:05.4054105" startTime="2026-09-12T17:41:38.7493413+02:00" endTime="2026-09-12T17:41:44.1549201+02:00" testType="13cdc9d9-ddb5-4fa4-a97d-d965ccfc6d4b" outcome="Passed" testListId="8c84fa94-04c1-424b-9868-57a2d4851a1d" relativeResultsDirectory="9454cab3-33c5-4284-b7f3-dd98d92f5515" />
    <UnitTestResult executionId="2eec7833-8a9c-437d-abaf-e74ef8bfb3a3" testId="190c99de-16a6-6d98-c13d-a5f8ceaeb183" testName="StorageDemo.Tests.Application.ContentTypeTests.Video_containers_are_recognised(fileName: &quot;clip.mkv&quot;, expected: &quot;video/x-matroska&quot;)" computerName="TPG-PF68GP5X" duration="00:00:00.0000701" startTime="2026-09-12T17:41:31.5011051+02:00" endTime="2026-09-12T17:41:31.5012433+02:00" testType="13cdc9d9-ddb5-4fa4-a97d-d965ccfc6d4b" outcome="Passed" testListId="8c84fa94-04c1-424b-9868-57a2d4851a1d" relativeResultsDirectory="2eec7833-8a9c-437d-abaf-e74ef8bfb3a3" />
    <UnitTestResult executionId="54617cd5-41a4-499b-a151-9bcac7ad443c" testId="2bd86025-d78c-14e7-73ac-cfe46ca84f32" testName="StorageDemo.Tests.Application.ContentTypeTests.An_unknown_extension_falls_back_to_binary(fileName: &quot;mystery.zzzz&quot;, expected: &quot;application/octet-stream&quot;)" computerName="TPG-PF68GP5X" duration="00:00:00.0005823" startTime="2026-09-12T17:41:31.4223262+02:00" endTime="2026-09-12T17:41:31.4229828+02:00" testType="13cdc9d9-ddb5-4fa4-a97d-d965ccfc6d4b" outcome="Passed" testListId="8c84fa94-04c1-424b-9868-57a2d4851a1d" relativeResultsDirectory="54617cd5-41a4-499b-a151-9bcac7ad443c" />
    <UnitTestResult executionId="590cf38b-c172-44b2-adbd-6d8f34a9aabc" testId="a584b063-5ea9-6584-2d97-de223aad6cf1" testName="StorageDemo.Tests.Infrastructure.FileSystemStorageTests.Save_then_read_returns_the_same_bytes" computerName="TPG-PF68GP5X" duration="00:00:00.0125768" startTime="2026-09-12T17:41:31.6525208+02:00" endTime="2026-09-12T17:41:31.6652526+02:00" testType="13cdc9d9-ddb5-4fa4-a97d-d965ccfc6d4b" outcome="Passed" testListId="8c84fa94-04c1-424b-9868-57a2d4851a1d" relativeResultsDirectory="590cf38b-c172-44b2-adbd-6d8f34a9aabc" />
    <UnitTestResult executionId="aa90ffc5-82a5-48bc-8fa2-035f0a5313e3" testId="a7eb1c08-6dd4-c9f5-15c9-695b298108a3" testName="StorageDemo.Tests.Application.Misb0601Tests.A_security_set_without_a_classification_leaves_the_marking_null" computerName="TPG-PF68GP5X" duration="00:00:00.0007117" startTime="2026-09-12T17:41:31.6313335+02:00" endTime="2026-09-12T17:41:31.6321627+02:00" testType="13cdc9d9-ddb5-4fa4-a97d-d965ccfc6d4b" outcome="Passed" testListId="8c84fa94-04c1-424b-9868-57a2d4851a1d" relativeResultsDirectory="aa90ffc5-82a5-48bc-8fa2-035f0a5313e3" />
    <UnitTestResult executionId="2a18db05-3ffa-4c13-97a6-a2649c84bc86" testId="b092385d-9165-e4ad-da50-2c8f08ccf0cc" testName="StorageDemo.Tests.Infrastructure.SrtListenerTests.The_stream_identifier_is_read_off_the_accepted_socket_byte_for_byte" computerName="TPG-PF68GP5X" duration="00:00:00.2333526" startTime="2026-09-12T17:41:45.5914315+02:00" endTime="2026-09-12T17:41:45.8249289+02:00" testType="13cdc9d9-ddb5-4fa4-a97d-d965ccfc6d4b" outcome="Passed" testListId="8c84fa94-04c1-424b-9868-57a2d4851a1d" relativeResultsDirectory="2a18db05-3ffa-4c13-97a6-a2649c84bc86" />
    <UnitTestResult executionId="be25126b-6021-46a3-a59d-82c8561649a0" testId="ecf2ec4b-cd59-8750-3505-111cef9f1504" testName="StorageDemo.Tests.Infrastructure.StreamNameTests.An_unusable_name_is_rejected_rather_than_repaired(streamId: &quot;../../etc/passwd&quot;)" computerName="TPG-PF68GP5X" duration="00:00:00.0003062" startTime="2026-09-12T17:41:31.3555062+02:00" endTime="2026-09-12T17:41:31.3559158+02:00" testType="13cdc9d9-ddb5-4fa4-a97d-d965ccfc6d4b" outcome="Passed" testListId="8c84fa94-04c1-424b-9868-57a2d4851a1d" relativeResultsDirectory="be25126b-6021-46a3-a59d-82c8561649a0" />
    <UnitTestResult executionId="b4f7ed00-2b3b-49bf-8637-fe7786d0641e" testId="c16035e0-ed41-5c9f-14eb-4d95adc1051e" testName="StorageDemo.Tests.Integration.GrpcApiTests.A_format_with_no_signature_keeps_the_declared_type" computerName="TPG-PF68GP5X" duration="00:00:00.1874153" startTime="2026-09-12T17:41:45.2390679+02:00" endTime="2026-09-12T17:41:45.4266375+02:00" testType="13cdc9d9-ddb5-4fa4-a97d-d965ccfc6d4b" outcome="Passed" testListId="8c84fa94-04c1-424b-9868-57a2d4851a1d" relativeResultsDirectory="b4f7ed00-2b3b-49bf-8637-fe7786d0641e" />
    <UnitTestResult executionId="79cff122-dfe2-41bb-9052-f3963f518e68" testId="bc7a23b3-1de8-c770-2f18-be7d5e8dc5c1" testName="StorageDemo.Tests.Application.DocumentServiceTests.Upload_keeps_what_the_uploader_knew_that_a_probe_could_not" computerName="TPG-PF68GP5X" duration="00:00:00.0017813" startTime="2026-09-12T17:41:31.9438999+02:00" endTime="2026-09-12T17:41:31.9457719+02:00" testType="13cdc9d9-ddb5-4fa4-a97d-d965ccfc6d4b" outcome="Passed" testListId="8c84fa94-04c1-424b-9868-57a2d4851a1d" relativeResultsDirectory="79cff122-dfe2-41bb-9052-f3963f518e68" />
    <UnitTestResult executionId="67ec2ae1-bcad-4fd2-b3d4-936b647b36af" testId="80ca856d-23eb-da9a-3dfd-e77e741e6093" testName="StorageDemo.Tests.Application.Misb0601Tests.The_minimum_set_decodes_to_the_values_it_was_built_from" computerName="TPG-PF68GP5X" duration="00:00:00.1129690" startTime="2026-09-12T17:41:31.5173980+02:00" endTime="2026-09-12T17:41:31.6304819+02:00" testType="13cdc9d9-ddb5-4fa4-a97d-d965ccfc6d4b" outcome="Passed" testListId="8c84fa94-04c1-424b-9868-57a2d4851a1d" relativeResultsDirectory="67ec2ae1-bcad-4fd2-b3d4-936b647b36af" />
    <UnitTestResult executionId="67ca22fe-d33a-4eb3-ac89-1a79cc20a7f8" testId="45dc11bc-29f5-bda4-9651-db8f3249aa48" testName="StorageDemo.Tests.Application.SegmentedDocumentTests.Seeking_lands_on_the_right_byte_wherever_it_is_asked_to(position: 0)" computerName="TPG-PF68GP5X" duration="00:00:00.0001590" startTime="2026-09-12T17:41:31.3735082+02:00" endTime="2026-09-12T17:41:31.3737024+02:00" testType="13cdc9d9-ddb5-4fa4-a97d-d965ccfc6d4b" outcome="Passed" testListId="8c84fa94-04c1-424b-9868-57a2d4851a1d" relativeResultsDirectory="67ca22fe-d33a-4eb3-ac89-1a79cc20a7f8" />
    <UnitTestResult executionId="dad79658-6e19-4d68-9df8-5c745bbee1fd" testId="40dab573-cd40-f6dc-66ca-3318a6141aa4" testName="StorageDemo.Tests.Application.Misb0601RealStreamTests.Slant_range_agrees_with_the_distance_between_the_positions_it_was_sent_with" computerName="TPG-PF68GP5X" duration="00:00:00.6825898" startTime="2026-09-12T17:41:36.1187660+02:00" endTime="2026-09-12T17:41:36.8016103+02:00" testType="13cdc9d9-ddb5-4fa4-a97d-d965ccfc6d4b" outcome="Passed" testListId="8c84fa94-04c1-424b-9868-57a2d4851a1d" relativeResultsDirectory="dad79658-6e19-4d68-9df8-5c745bbee1fd" />
    <UnitTestResult executionId="623836d5-73cb-4034-931f-8bec9495e1d5" testId="eec08882-1324-da3b-d338-fe3d305b8ea0" testName="StorageDemo.Tests.Infrastructure.SrtListenerTests.The_configured_latency_is_what_an_accepted_socket_negotiates" computerName="TPG-PF68GP5X" duration="00:00:00.3236272" startTime="2026-09-12T17:41:41.9687711+02:00" endTime="2026-09-12T17:41:42.2925557+02:00" testType="13cdc9d9-ddb5-4fa4-a97d-d965ccfc6d4b" outcome="Passed" testListId="8c84fa94-04c1-424b-9868-57a2d4851a1d" relativeResultsDirectory="623836d5-73cb-4034-931f-8bec9495e1d5" />
    <UnitTestResult executionId="77218ad3-c2c8-4639-9c75-9b2435a83554" testId="f405e3a9-560c-bfb6-b6a5-7fdb14b2ccf2" testName="StorageDemo.Tests.Infrastructure.StreamNameTests.An_identifier_truncated_at_the_fragment_is_refused_rather_than_guessed_at" computerName="TPG-PF68GP5X" duration="00:00:00.0002876" startTime="2026-09-12T17:41:31.4255988+02:00" endTime="2026-09-12T17:41:31.4259486+02:00" testType="13cdc9d9-ddb5-4fa4-a97d-d965ccfc6d4b" outcome="Passed" testListId="8c84fa94-04c1-424b-9868-57a2d4851a1d" relativeResultsDirectory="77218ad3-c2c8-4639-9c75-9b2435a83554" />
    <UnitTestResult executionId="09cf49f8-d88b-44d4-96a1-5f93a42a021e" testId="8207f151-3f56-0941-218d-513c4e36f7a4" testName="StorageDemo.Tests.Application.DocumentServiceTests.Download_returns_null_when_metadata_points_at_a_missing_object" computerName="TPG-PF68GP5X" duration="00:00:00.0017621" startTime="2026-09-12T17:41:31.9503690+02:00" endTime="2026-09-12T17:41:31.9522010+02:00" testType="13cdc9d9-ddb5-4fa4-a97d-d965ccfc6d4b" outcome="Passed" testListId="8c84fa94-04c1-424b-9868-57a2d4851a1d" relativeResultsDirectory="09cf49f8-d88b-44d4-96a1-5f93a42a021e" />
    <UnitTestResult executionId="3213979f-8356-465d-8761-951d4d1e50bd" testId="bb50a6ab-be13-a7ac-e811-37ec6191c8c4" testName="StorageDemo.Tests.Infrastructure.PostgresDocumentRepositoryTests.Delete_of_an_unknown_id_succeeds" computerName="TPG-PF68GP5X" duration="00:00:00.0010000" startTime="2026-09-12T17:41:31.6096950+02:00" endTime="2026-09-12T17:41:31.6117387+02:00" testType="13cdc9d9-ddb5-4fa4-a97d-d965ccfc6d4b" outcome="NotExecuted" testListId="8c84fa94-04c1-424b-9868-57a2d4851a1d" relativeResultsDirectory="3213979f-8356-465d-8761-951d4d1e50bd">
      <Output>
        <ErrorInfo>
          <Message>Set POSTGRES_TEST_CONNECTION to run the PostgreSQL contract tests.</Message>
        </ErrorInfo>
      </Output>
    </UnitTestResult>
    <UnitTestResult executionId="1650e574-7571-4835-9510-ca4c7c508f06" testId="807f62a3-c09c-30fc-387f-3cbafec9b257" testName="StorageDemo.Tests.Application.DocumentServiceTests.Documents_are_found_by_the_detection_that_caused_them" computerName="TPG-PF68GP5X" duration="00:00:00.0783085" startTime="2026-09-12T17:41:31.4902099+02:00" endTime="2026-09-12T17:41:31.5685977+02:00" testType="13cdc9d9-ddb5-4fa4-a97d-d965ccfc6d4b" outcome="Passed" testListId="8c84fa94-04c1-424b-9868-57a2d4851a1d" relativeResultsDirectory="1650e574-7571-4835-9510-ca4c7c508f06" />
    <UnitTestResult executionId="c95adc47-b067-4b34-916f-f28e23821d5d" testId="e8fbe976-7180-9b59-d2ac-3fafb569d1af" testName="StorageDemo.Tests.Integration.LiveStreamTests.A_manual_stream_with_an_unusable_name_is_refused_rather_than_repaired" computerName="TPG-PF68GP5X" duration="00:00:00.0801298" startTime="2026-09-12T17:44:11.9227270+02:00" endTime="2026-09-12T17:44:12.0029230+02:00" testType="13cdc9d9-ddb5-4fa4-a97d-d965ccfc6d4b" outcome="Passed" testListId="8c84fa94-04c1-424b-9868-57a2d4851a1d" relativeResultsDirectory="c95adc47-b067-4b34-916f-f28e23821d5d" />
    <UnitTestResult executionId="e47c4d19-b9f5-4124-885e-c53c34d7f8b5" testId="90ca54c5-449a-7db4-c5c3-b450f0d1e35e" testName="StorageDemo.Tests.Infrastructure.LiteDbDocumentRepositoryTests.GetAll_returns_every_document" computerName="TPG-PF68GP5X" duration="00:00:00.9522916" startTime="2026-09-12T17:41:31.2244589+02:00" endTime="2026-09-12T17:41:32.1890836+02:00" testType="13cdc9d9-ddb5-4fa4-a97d-d965ccfc6d4b" outcome="Passed" testListId="8c84fa94-04c1-424b-9868-57a2d4851a1d" relativeResultsDirectory="e47c4d19-b9f5-4124-885e-c53c34d7f8b5" />
    <UnitTestResult executionId="deb1c66d-2135-4df2-8fe2-0adf5f7092f3" testId="39c3eab8-6c3c-1db2-fc4b-0d72d649030c" testName="StorageDemo.Tests.Integration.LiveStreamTests.A_second_publisher_of_a_live_name_is_refused_and_the_first_is_undisturbed" computerName="TPG-PF68GP5X" duration="00:00:06.3603069" startTime="2026-09-12T17:43:28.4072885+02:00" endTime="2026-09-12T17:43:34.7676935+02:00" testType="13cdc9d9-ddb5-4fa4-a97d-d965ccfc6d4b" outcome="Passed" testListId="8c84fa94-04c1-424b-9868-57a2d4851a1d" relativeResultsDirectory="deb1c66d-2135-4df2-8fe2-0adf5f7092f3" />
    <UnitTestResult executionId="37442225-268f-44ba-aa96-c70a3ae4b5b0" testId="dbaf774e-f30c-a98d-d57f-78d1a1814a23" testName="StorageDemo.Tests.Infrastructure.LibavMediaAnalyzerTests.A_file_that_is_not_really_media_yields_no_thumbnail_and_no_bogus_dimensions" computerName="TPG-PF68GP5X" duration="00:00:00.2759078" startTime="2026-09-12T17:41:35.7539278+02:00" endTime="2026-09-12T17:41:36.0300516+02:00" testType="13cdc9d9-ddb5-4fa4-a97d-d965ccfc6d4b" outcome="Passed" testListId="8c84fa94-04c1-424b-9868-57a2d4851a1d" relativeResultsDirectory="37442225-268f-44ba-aa96-c70a3ae4b5b0" />
    <UnitTestResult executionId="2121b4e7-f1f8-4611-a0ae-f5a044146e1a" testId="60cc6cca-db9d-91fe-9251-afbb9b4ec6cf" testName="StorageDemo.Tests.Application.StorageReconcilerTests.An_object_deleted_outside_the_application_removes_the_metadata" computerName="TPG-PF68GP5X" duration="00:00:00.0092441" startTime="2026-09-12T17:41:31.4936463+02:00" endTime="2026-09-12T17:41:31.5029547+02:00" testType="13cdc9d9-ddb5-4fa4-a97d-d965ccfc6d4b" outcome="Passed" testListId="8c84fa94-04c1-424b-9868-57a2d4851a1d" relativeResultsDirectory="2121b4e7-f1f8-4611-a0ae-f5a044146e1a" />
    <UnitTestResult executionId="2e9f962d-8ec0-4afb-b69e-a1b1aa3d23b5" testId="b88dd247-dc8d-58b4-eae4-439d5be63e23" testName="StorageDemo.Tests.Application.LiveStreamStalenessTests.A_name_frees_long_before_its_stream_stops_being_listed" computerName="TPG-PF68GP5X" duration="00:00:00.0007812" startTime="2026-09-12T17:41:31.4638357+02:00" endTime="2026-09-12T17:41:31.4646998+02:00" testType="13cdc9d9-ddb5-4fa4-a97d-d965ccfc6d4b" outcome="Passed" testListId="8c84fa94-04c1-424b-9868-57a2d4851a1d" relativeResultsDirectory="2e9f962d-8ec0-4afb-b69e-a1b1aa3d23b5" />
    <UnitTestResult executionId="a8232931-8afb-4b31-975d-c83b4a11680b" testId="bbc72f41-1054-c820-dacf-5dbd9053b3d2" testName="StorageDemo.Tests.Application.DocumentServiceTests.Deleting_a_document_removes_its_thumbnail_too" computerName="TPG-PF68GP5X" duration="00:00:00.0027539" startTime="2026-09-12T17:41:31.9531258+02:00" endTime="2026-09-12T17:41:31.9559701+02:00" testType="13cdc9d9-ddb5-4fa4-a97d-d965ccfc6d4b" outcome="Passed" testListId="8c84fa94-04c1-424b-9868-57a2d4851a1d" relativeResultsDirectory="a8232931-8afb-4b31-975d-c83b4a11680b" />
    <UnitTestResult executionId="f92e3f35-8c42-4361-a0be-92c28a55f975" testId="eb83dc69-6344-4b75-39df-36926c03e1f9" testName="StorageDemo.Tests.Infrastructure.StreamNameTests.No_position_means_the_live_edge(streamId: &quot;cam1&quot;)" computerName="TPG-PF68GP5X" duration="00:00:00.0000425" startTime="2026-09-12T17:41:31.3690462+02:00" endTime="2026-09-12T17:41:31.3691411+02:00" testType="13cdc9d9-ddb5-4fa4-a97d-d965ccfc6d4b" outcome="Passed" testListId="8c84fa94-04c1-424b-9868-57a2d4851a1d" relativeResultsDirectory="f92e3f35-8c42-4361-a0be-92c28a55f975" />
    <UnitTestResult executionId="d21e9877-d147-4015-b9d9-19b70beee7b4" testId="43ca5b08-92df-f886-4f22-9454022a160a" testName="StorageDemo.Tests.Infrastructure.LibavMediaAnalyzerTests.Pointing_the_library_path_at_a_static_build_is_refused_with_a_reason" computerName="TPG-PF68GP5X" duration="00:00:00.0807027" startTime="2026-09-12T17:41:31.2246237+02:00" endTime="2026-09-12T17:41:31.3349732+02:00" testType="13cdc9d9-ddb5-4fa4-a97d-d965ccfc6d4b" outcome="Passed" testListId="8c84fa94-04c1-424b-9868-57a2d4851a1d" relativeResultsDirectory="d21e9877-d147-4015-b9d9-19b70beee7b4" />
    <UnitTestResult executionId="fd06d52b-4fd6-4b90-8105-51358cae5092" testId="022c152c-971a-05b5-9151-cd85253a4c1b" testName="StorageDemo.Tests.Application.StorageReconcilerTests.Objects_outside_the_prefix_are_ignored" computerName="TPG-PF68GP5X" duration="00:00:00.0044235" startTime="2026-09-12T17:41:31.4881809+02:00" endTime="2026-09-12T17:41:31.4926696+02:00" testType="13cdc9d9-ddb5-4fa4-a97d-d965ccfc6d4b" outcome="Passed" testListId="8c84fa94-04c1-424b-9868-57a2d4851a1d" relativeResultsDirectory="fd06d52b-4fd6-4b90-8105-51358cae5092" />
    <UnitTestResult executionId="a400c4b0-99c6-4ee2-9f71-10988db7db2c" testId="15bcda90-dfb8-8add-b301-1ca7529b7fa7" testName="StorageDemo.Tests.Infrastructure.RollingBufferTests.Asking_for_more_than_is_held_gives_everything_there_is" computerName="TPG-PF68GP5X" duration="00:00:00.0046087" startTime="2026-09-12T17:41:31.3748405+02:00" endTime="2026-09-12T17:41:31.3798393+02:00" testType="13cdc9d9-ddb5-4fa4-a97d-d965ccfc6d4b" outcome="Passed" testListId="8c84fa94-04c1-424b-9868-57a2d4851a1d" relativeResultsDirectory="a400c4b0-99c6-4ee2-9f71-10988db7db2c" />
    <UnitTestResult executionId="357e8c2f-e365-4e0e-9a78-3daf72529289" testId="ab052876-3917-174f-690c-061af0b732dc" testName="StorageDemo.Tests.Application.Misb0601Tests.A_packet_without_a_checksum_is_rejected" computerName="TPG-PF68GP5X" duration="00:00:00.0009497" startTime="2026-09-12T17:41:31.6396409+02:00" endTime="2026-09-12T17:41:31.6406873+02:00" testType="13cdc9d9-ddb5-4fa4-a97d-d965ccfc6d4b" outcome="Passed" testListId="8c84fa94-04c1-424b-9868-57a2d4851a1d" relativeResultsDirectory="357e8c2f-e365-4e0e-9a78-3daf72529289" />
    <UnitTestResult executionId="95fab65d-b21c-4505-a1e7-3c222c7da0be" testId="9e5595fe-bd48-56ca-e7a2-36782e5730a9" testName="StorageDemo.Tests.Infrastructure.StreamNameTests.An_unusable_name_is_rejected_rather_than_repaired(streamId: &quot;/leading&quot;)" computerName="TPG-PF68GP5X" duration="00:00:00.0000642" startTime="2026-09-12T17:41:31.3572326+02:00" endTime="2026-09-12T17:41:31.3573630+02:00" testType="13cdc9d9-ddb5-4fa4-a97d-d965ccfc6d4b" outcome="Passed" testListId="8c84fa94-04c1-424b-9868-57a2d4851a1d" relativeResultsDirectory="95fab65d-b21c-4505-a1e7-3c222c7da0be" />
    <UnitTestResult executionId="526b3030-fdad-4a44-86e9-052d43995298" testId="d4d4ba51-5806-af0a-0ec8-11fa25d35f68" testName="StorageDemo.Tests.Integration.LiveStreamTests.A_feed_that_stops_is_interrupted_first_and_gone_after_the_grace_period" computerName="TPG-PF68GP5X" duration="00:00:14.4420238" startTime="2026-09-12T17:43:11.5539838+02:00" endTime="2026-09-12T17:43:25.9960896+02:00" testType="13cdc9d9-ddb5-4fa4-a97d-d965ccfc6d4b" outcome="Passed" testListId="8c84fa94-04c1-424b-9868-57a2d4851a1d" relativeResultsDirectory="526b3030-fdad-4a44-86e9-052d43995298" />
    <UnitTestResult executionId="45afff8c-7671-4a28-9cb8-0794478c57c2" testId="bfc3aa04-b811-4f48-2f49-bb900dea2aa6" testName="StorageDemo.Tests.Integration.LiveStreamTests.A_long_recording_is_stored_in_segments_and_read_back_as_one_file" computerName="TPG-PF68GP5X" duration="00:00:34.8188636" startTime="2026-09-12T17:42:22.8666117+02:00" endTime="2026-09-12T17:42:57.6855481+02:00" testType="13cdc9d9-ddb5-4fa4-a97d-d965ccfc6d4b" outcome="Passed" testListId="8c84fa94-04c1-424b-9868-57a2d4851a1d" relativeResultsDirectory="45afff8c-7671-4a28-9cb8-0794478c57c2" />
    <UnitTestResult executionId="793e7c5c-01de-47a5-907a-9f10fbeb4626" testId="192f3dbe-6ada-f4f2-03b2-88787e607074" testName="StorageDemo.Tests.Infrastructure.StreamNameTests.Nothing_at_all_is_refused(streamId: &quot;&quot;)" computerName="TPG-PF68GP5X" duration="00:00:00.0003040" startTime="2026-09-12T17:41:31.4144308+02:00" endTime="2026-09-12T17:41:31.4147958+02:00" testType="13cdc9d9-ddb5-4fa4-a97d-d965ccfc6d4b" outcome="Passed" testListId="8c84fa94-04c1-424b-9868-57a2d4851a1d" relativeResultsDirectory="793e7c5c-01de-47a5-907a-9f10fbeb4626" />
    <UnitTestResult executionId="3925e4a5-76a5-4efd-b486-06e99b406c68" testId="45bc26b4-524e-e90d-4c98-f22368a8898e" testName="StorageDemo.Tests.Integration.LiveStreamTests.A_reconnect_under_the_same_name_resumes_the_same_stream" computerName="TPG-PF68GP5X" duration="00:00:40.6531511" startTime="2026-09-12T17:41:42.2033868+02:00" endTime="2026-09-12T17:42:22.8639702+02:00" testType="13cdc9d9-ddb5-4fa4-a97d-d965ccfc6d4b" outcome="Failed" testListId="8c84fa94-04c1-424b-9868-57a2d4851a1d" relativeResultsDirectory="3925e4a5-76a5-4efd-b486-06e99b406c68">
      <Output>
        <ErrorInfo>
          <Message>Assert.NotNull() Failure: Value is null</Message>
          <StackTrace>   at StorageDemo.Tests.Integration.LiveStreamTests.A_reconnect_under_the_same_name_resumes_the_same_stream() in C:\Projects\dotnet-architecture-patterns\tests\StorageDemo.Tests\Integration\LiveStreamTests.cs:line 574&#xD;
--- End of stack trace from previous location ---</StackTrace>
        </ErrorInfo>
      </Output>
    </UnitTestResult>
    <UnitTestResult executionId="52d1e68b-08dc-44e1-81a9-d6c9db487999" testId="f392db46-cd9a-9b61-33f0-16ed463f3034" testName="StorageDemo.Tests.Application.CoordinationTests.A_lock_is_granted_once_and_refused_while_it_is_held" computerName="TPG-PF68GP5X" duration="00:00:00.0057240" startTime="2026-09-12T17:41:31.8217706+02:00" endTime="2026-09-12T17:41:31.8276031+02:00" testType="13cdc9d9-ddb5-4fa4-a97d-d965ccfc6d4b" outcome="Passed" testListId="8c84fa94-04c1-424b-9868-57a2d4851a1d" relativeResultsDirectory="52d1e68b-08dc-44e1-81a9-d6c9db487999" />
    <UnitTestResult executionId="2b3ca55a-4d13-48a6-b907-13e7d77bd7ec" testId="48a21f8b-bad2-63a6-cbe0-5080a671f3a8" testName="StorageDemo.Tests.Application.ContentTypeTests.A_declared_type_wins_over_the_extension" computerName="TPG-PF68GP5X" duration="00:00:00.0015410" startTime="2026-09-12T17:41:31.5025912+02:00" endTime="2026-09-12T17:41:31.5042261+02:00" testType="13cdc9d9-ddb5-4fa4-a97d-d965ccfc6d4b" outcome="Passed" testListId="8c84fa94-04c1-424b-9868-57a2d4851a1d" relativeResultsDirectory="2b3ca55a-4d13-48a6-b907-13e7d77bd7ec" />
    <UnitTestResult executionId="f18dcbcf-0d9a-4c61-99f5-d32eac9fa1e5" testId="8978215d-bff0-9f53-4e99-0a3480cca8fe" testName="StorageDemo.Tests.Application.RetentionSweeperTests.A_recent_recording_is_left_alone" computerName="TPG-PF68GP5X" duration="00:00:00.0021803" startTime="2026-09-12T17:41:31.5766160+02:00" endTime="2026-09-12T17:41:31.5788671+02:00" testType="13cdc9d9-ddb5-4fa4-a97d-d965ccfc6d4b" outcome="Passed" testListId="8c84fa94-04c1-424b-9868-57a2d4851a1d" relativeResultsDirectory="f18dcbcf-0d9a-4c61-99f5-d32eac9fa1e5" />
    <UnitTestResult executionId="b42b0dd5-f337-4d28-9d7c-6cb9c574940b" testId="25ed509c-f11b-6d58-2052-a57c8cbfd783" testName="StorageDemo.Tests.Infrastructure.FileSystemStorageTests.Reading_a_missing_key_returns_null" computerName="TPG-PF68GP5X" duration="00:00:00.0031451" startTime="2026-09-12T17:41:31.6397185+02:00" endTime="2026-09-12T17:41:31.6429342+02:00" testType="13cdc9d9-ddb5-4fa4-a97d-d965ccfc6d4b" outcome="Passed" testListId="8c84fa94-04c1-424b-9868-57a2d4851a1d" relativeResultsDirectory="b42b0dd5-f337-4d28-9d7c-6cb9c574940b" />
    <UnitTestResult executionId="8c58b8f1-281f-4925-abae-0d57b1e91c12" testId="fb801267-c88a-9f94-2c6f-cadadb552b84" testName="StorageDemo.Tests.Application.ContentTypeTests.Kind_is_derived_from_the_name_when_no_type_was_declared(fileName: &quot;archive.zip&quot;, expected: Other)" computerName="TPG-PF68GP5X" duration="00:00:00.0012052" startTime="2026-09-12T17:41:31.4871673+02:00" endTime="2026-09-12T17:41:31.4886812+02:00" testType="13cdc9d9-ddb5-4fa4-a97d-d965ccfc6d4b" outcome="Passed" testListId="8c84fa94-04c1-424b-9868-57a2d4851a1d" relativeResultsDirectory="8c58b8f1-281f-4925-abae-0d57b1e91c12" />
    <UnitTestResult executionId="2a276fd3-c5d5-4c82-a9d8-8fb98e608409" testId="222e4226-7e10-c9fd-ff00-6981182f4bef" testName="StorageDemo.Tests.Infrastructure.StreamNameTests.A_name_is_read_from_whatever_shape_it_arrives_in(streamId: &quot;#!::u=admin,r=ietf_107_srt_overview&quot;, expected: &quot;ietf_107_srt_overview&quot;)" computerName="TPG-PF68GP5X" duration="00:00:00.0000568" startTime="2026-09-12T17:41:31.3893213+02:00" endTime="2026-09-12T17:41:31.3894239+02:00" testType="13cdc9d9-ddb5-4fa4-a97d-d965ccfc6d4b" outcome="Passed" testListId="8c84fa94-04c1-424b-9868-57a2d4851a1d" relativeResultsDirectory="2a276fd3-c5d5-4c82-a9d8-8fb98e608409" />
    <UnitTestResult executionId="6961b93b-bfe7-491e-b0b2-62b929751698" testId="e55ccd22-c7d1-36f4-db3f-8bb645ceb6b2" testName="StorageDemo.Tests.Application.CoordinationTests.Releasing_a_lock_lets_the_next_caller_have_it" computerName="TPG-PF68GP5X" duration="00:00:00.0024173" startTime="2026-09-12T17:41:31.8329721+02:00" endTime="2026-09-12T17:41:31.8355068+02:00" testType="13cdc9d9-ddb5-4fa4-a97d-d965ccfc6d4b" outcome="Passed" testListId="8c84fa94-04c1-424b-9868-57a2d4851a1d" relativeResultsDirectory="6961b93b-bfe7-491e-b0b2-62b929751698" />
    <UnitTestResult executionId="f4caa04a-34eb-4fb0-aad0-2fbca2b4565c" testId="235946fa-2671-829d-a0ea-88a9719622f4" testName="StorageDemo.Tests.Application.Misb0903Tests.The_checksum_verifies_by_the_algorithm_the_standard_specifies" computerName="TPG-PF68GP5X" duration="00:00:00.0083551" startTime="2026-09-12T17:41:31.7150783+02:00" endTime="2026-09-12T17:41:31.7235556+02:00" testType="13cdc9d9-ddb5-4fa4-a97d-d965ccfc6d4b" outcome="Passed" testListId="8c84fa94-04c1-424b-9868-57a2d4851a1d" relativeResultsDirectory="f4caa04a-34eb-4fb0-aad0-2fbca2b4565c" />
    <UnitTestResult executionId="a94f7c08-0aae-41e1-a500-2b618631adb4" testId="f0a624e8-1462-649e-4fdc-f28c26cc06e2" testName="StorageDemo.Tests.Infrastructure.RollingBufferTests.Nothing_older_than_the_window_is_kept" computerName="TPG-PF68GP5X" duration="00:00:00.0033834" startTime="2026-09-12T17:41:31.4214802+02:00" endTime="2026-09-12T17:41:31.4249550+02:00" testType="13cdc9d9-ddb5-4fa4-a97d-d965ccfc6d4b" outcome="Passed" testListId="8c84fa94-04c1-424b-9868-57a2d4851a1d" relativeResultsDirectory="a94f7c08-0aae-41e1-a500-2b618631adb4" />
    <UnitTestResult executionId="4911a719-432b-4e43-8a80-bc08ee6ead11" testId="0b4a6073-a78f-34e8-5424-239e7dd2a50d" testName="StorageDemo.Tests.Integration.LiveStreamTests.Readiness_means_the_media_ports_are_accepting" computerName="TPG-PF68GP5X" duration="00:00:00.0437040" startTime="2026-09-12T17:44:12.0038912+02:00" endTime="2026-09-12T17:44:12.0476644+02:00" testType="13cdc9d9-ddb5-4fa4-a97d-d965ccfc6d4b" outcome="Passed" testListId="8c84fa94-04c1-424b-9868-57a2d4851a1d" relativeResultsDirectory="4911a719-432b-4e43-8a80-bc08ee6ead11" />
    <UnitTestResult executionId="d302d660-ca59-4532-abe4-0d7b62e9d7fd" testId="9625eadc-efab-a64b-63f4-22862f586e17" testName="StorageDemo.Tests.Application.DocumentServiceTests.Upload_stores_file_then_metadata" computerName="TPG-PF68GP5X" duration="00:00:00.0018483" startTime="2026-09-12T17:41:31.9378019+02:00" endTime="2026-09-12T17:41:31.9397318+02:00" testType="13cdc9d9-ddb5-4fa4-a97d-d965ccfc6d4b" outcome="Passed" testListId="8c84fa94-04c1-424b-9868-57a2d4851a1d" relativeResultsDirectory="d302d660-ca59-4532-abe4-0d7b62e9d7fd" />
    <UnitTestResult executionId="374e5c30-f290-41a8-a2ba-921319c9947c" testId="8c9b81cc-83f9-8b6d-9d86-44a13fae4110" testName="StorageDemo.Tests.Application.SegmentedDocumentTests.Reading_at_the_very_end_returns_nothing_rather_than_failing" computerName="TPG-PF68GP5X" duration="00:00:00.0018041" startTime="2026-09-12T17:41:31.4425556+02:00" endTime="2026-09-12T17:41:31.4444176+02:00" testType="13cdc9d9-ddb5-4fa4-a97d-d965ccfc6d4b" outcome="Passed" testListId="8c84fa94-04c1-424b-9868-57a2d4851a1d" relativeResultsDirectory="374e5c30-f290-41a8-a2ba-921319c9947c" />
    <UnitTestResult executionId="89ef012e-ac5c-4370-8444-95d72e8aa86b" testId="30491bce-f580-65f0-cb35-59b1f77d944d" testName="StorageDemo.Tests.Infrastructure.PostgresDocumentRepositoryTests.GetAll_returns_every_document" computerName="TPG-PF68GP5X" duration="00:00:00.0010000" startTime="2026-09-12T17:41:31.6087469+02:00" endTime="2026-09-12T17:41:31.6090463+02:00" testType="13cdc9d9-ddb5-4fa4-a97d-d965ccfc6d4b" outcome="NotExecuted" testListId="8c84fa94-04c1-424b-9868-57a2d4851a1d" relativeResultsDirectory="89ef012e-ac5c-4370-8444-95d72e8aa86b">
      <Output>
        <ErrorInfo>
          <Message>Set POSTGRES_TEST_CONNECTION to run the PostgreSQL contract tests.</Message>
        </ErrorInfo>
      </Output>
    </UnitTestResult>
    <UnitTestResult executionId="bbb18031-0111-42f6-b82e-d26f2e7d9a43" testId="e0887741-ed5c-9518-97dd-1d7424a28cc9" testName="StorageDemo.Tests.Infrastructure.StreamNameTests.No_position_means_the_live_edge(streamId: &quot;#!::r=cam1,user_from=soon&quot;)" computerName="TPG-PF68GP5X" duration="00:00:00.0001180" startTime="2026-09-12T17:41:31.3683533+02:00" endTime="2026-09-12T17:41:31.3685628+02:00" testType="13cdc9d9-ddb5-4fa4-a97d-d965ccfc6d4b" outcome="Passed" testListId="8c84fa94-04c1-424b-9868-57a2d4851a1d" relativeResultsDirectory="bbb18031-0111-42f6-b82e-d26f2e7d9a43" />
    <UnitTestResult executionId="c37d4d21-9d6b-4b29-99b1-84008e7fb1e1" testId="ad9b6f46-2120-d13e-9a1b-35d84d8ea25e" testName="StorageDemo.Tests.Infrastructure.MediaAnalyzerFrameTests.The_poster_frame_moves_when_the_offset_does" computerName="TPG-PF68GP5X" duration="00:00:01.6575935" startTime="2026-09-12T17:41:38.9323034+02:00" endTime="2026-09-12T17:41:40.5900985+02:00" testType="13cdc9d9-ddb5-4fa4-a97d-d965ccfc6d4b" outcome="Passed" testListId="8c84fa94-04c1-424b-9868-57a2d4851a1d" relativeResultsDirectory="c37d4d21-9d6b-4b29-99b1-84008e7fb1e1" />
    <UnitTestResult executionId="77e53184-2196-4931-95b1-2ee6ccbacf4f" testId="dbc1d92c-e52a-94fb-3951-c787e25f854c" testName="StorageDemo.Tests.Application.Misb0601Tests.Something_under_another_key_is_not_a_uas_datalink_packet" computerName="TPG-PF68GP5X" duration="00:00:00.0005987" startTime="2026-09-12T17:41:31.6358570+02:00" endTime="2026-09-12T17:41:31.6365844+02:00" testType="13cdc9d9-ddb5-4fa4-a97d-d965ccfc6d4b" outcome="Passed" testListId="8c84fa94-04c1-424b-9868-57a2d4851a1d" relativeResultsDirectory="77e53184-2196-4931-95b1-2ee6ccbacf4f" />
    <UnitTestResult executionId="342a4a3d-dc6f-4cf9-ac48-442ea2c7cea7" testId="3999c570-90eb-cc67-42e9-a5be3065a89e" testName="StorageDemo.Tests.Infrastructure.PostgresDocumentRepositoryTests.Upsert_inserts_when_the_document_is_new" computerName="TPG-PF68GP5X" duration="00:00:00.0010000" startTime="2026-09-12T17:41:31.6027364+02:00" endTime="2026-09-12T17:41:31.6053837+02:00" testType="13cdc9d9-ddb5-4fa4-a97d-d965ccfc6d4b" outcome="NotExecuted" testListId="8c84fa94-04c1-424b-9868-57a2d4851a1d" relativeResultsDirectory="342a4a3d-dc6f-4cf9-ac48-442ea2c7cea7">
      <Output>
        <ErrorInfo>
          <Message>Set POSTGRES_TEST_CONNECTION to run the PostgreSQL contract tests.</Message>
        </ErrorInfo>
      </Output>
    </UnitTestResult>
    <UnitTestResult executionId="0be2b52f-635c-4958-8cc2-c03e372b08e7" testId="bb782e31-0ee6-7081-7270-7a496a6f6acc" testName="StorageDemo.Tests.Integration.GrpcApiTests.A_lying_content_type_is_replaced_by_what_the_bytes_say" computerName="TPG-PF68GP5X" duration="00:00:01.5595981" startTime="2026-09-12T17:41:37.1874776+02:00" endTime="2026-09-12T17:41:38.7474170+02:00" testType="13cdc9d9-ddb5-4fa4-a97d-d965ccfc6d4b" outcome="Passed" testListId="8c84fa94-04c1-424b-9868-57a2d4851a1d" relativeResultsDirectory="0be2b52f-635c-4958-8cc2-c03e372b08e7" />
    <UnitTestResult executionId="f927b2fa-bd1c-40e7-9ec0-0856f92ad789" testId="90cc678b-206e-8e1e-2815-059226d00b8b" testName="StorageDemo.Tests.Integration.GrpcApiTests.DownloadLivePreview_is_answered_by_a_replica_that_does_not_own_the_stream" computerName="TPG-PF68GP5X" duration="00:00:04.5947764" startTime="2026-09-12T17:41:45.8262981+02:00" endTime="2026-09-12T17:41:50.4212662+02:00" testType="13cdc9d9-ddb5-4fa4-a97d-d965ccfc6d4b" outcome="Passed" testListId="8c84fa94-04c1-424b-9868-57a2d4851a1d" relativeResultsDirectory="f927b2fa-bd1c-40e7-9ec0-0856f92ad789" />
    <UnitTestResult executionId="db7e6238-c23b-46f7-99b1-c5b01489b7f3" testId="f960acd0-3c2a-f889-59ce-8a15022e0c9b" testName="StorageDemo.Tests.Infrastructure.FileSystemStorageTests.Nested_keys_are_supported" computerName="TPG-PF68GP5X" duration="00:00:00.0303333" startTime="2026-09-12T17:41:31.6791417+02:00" endTime="2026-09-12T17:41:31.7096003+02:00" testType="13cdc9d9-ddb5-4fa4-a97d-d965ccfc6d4b" outcome="Passed" testListId="8c84fa94-04c1-424b-9868-57a2d4851a1d" relativeResultsDirectory="db7e6238-c23b-46f7-99b1-c5b01489b7f3" />
    <UnitTestResult executionId="40452101-13f2-46b2-8dd3-999a6fb6516e" testId="56310139-ca57-1943-e1fd-311433f7fea2" testName="StorageDemo.Tests.Integration.LiveStreamTests.A_detection_that_triggered_a_capture_is_named_by_every_document_it_produced" computerName="TPG-PF68GP5X" duration="00:00:28.5525728" startTime="2026-09-12T17:43:34.7689353+02:00" endTime="2026-09-12T17:44:03.3215851+02:00" testType="13cdc9d9-ddb5-4fa4-a97d-d965ccfc6d4b" outcome="Passed" testListId="8c84fa94-04c1-424b-9868-57a2d4851a1d" relativeResultsDirectory="40452101-13f2-46b2-8dd3-999a6fb6516e" />
    <UnitTestResult executionId="80d91543-9848-4d6d-baec-51edee6b2e33" testId="6c31caa7-1b70-de86-3bf5-b0a6caf4c91f" testName="StorageDemo.Tests.Infrastructure.FileSystemStorageTests.Keys_that_escape_the_root_are_rejected(key: &quot;documents/../../escape.txt&quot;)" computerName="TPG-PF68GP5X" duration="00:00:00.0024702" startTime="2026-09-12T17:41:31.5710839+02:00" endTime="2026-09-12T17:41:31.5736635+02:00" testType="13cdc9d9-ddb5-4fa4-a97d-d965ccfc6d4b" outcome="Passed" testListId="8c84fa94-04c1-424b-9868-57a2d4851a1d" relativeResultsDirectory="80d91543-9848-4d6d-baec-51edee6b2e33" />
    <UnitTestResult executionId="948ff30e-46bb-4897-880c-6d95421dacfb" testId="b32e70af-6c23-dd8a-6962-44ea20f11bda" testName="StorageDemo.Tests.Infrastructure.SrtListenerTests.The_statistics_libsrt_writes_land_in_the_fields_this_service_reads" computerName="TPG-PF68GP5X" duration="00:00:00.3568411" startTime="2026-09-12T17:41:41.4024287+02:00" endTime="2026-09-12T17:41:41.7595658+02:00" testType="13cdc9d9-ddb5-4fa4-a97d-d965ccfc6d4b" outcome="Passed" testListId="8c84fa94-04c1-424b-9868-57a2d4851a1d" relativeResultsDirectory="948ff30e-46bb-4897-880c-6d95421dacfb" />
    <UnitTestResult executionId="49e17010-9aff-4092-b5b8-00c1bd4854af" testId="5b2b5872-b7d6-defc-974e-a67cd407c242" testName="StorageDemo.Tests.Infrastructure.LiveMetricsTests.The_kernel_udp_counter_publishes_a_measurement_only_where_there_is_one" computerName="TPG-PF68GP5X" duration="00:00:00.0086593" startTime="2026-09-12T17:41:31.4036129+02:00" endTime="2026-09-12T17:41:31.4124817+02:00" testType="13cdc9d9-ddb5-4fa4-a97d-d965ccfc6d4b" outcome="Passed" testListId="8c84fa94-04c1-424b-9868-57a2d4851a1d" relativeResultsDirectory="49e17010-9aff-4092-b5b8-00c1bd4854af" />
    <UnitTestResult executionId="6630ef90-b40c-4487-a82e-69b06232f18a" testId="9ade2df5-e243-1d32-3cf4-bda3ac7c4a71" testName="StorageDemo.Tests.Integration.LiveNameLockTests.A_name_resumed_after_a_graceful_shutdown_keeps_its_start_time" computerName="TPG-PF68GP5X" duration="00:00:10.8643644" startTime="2026-09-12T17:41:45.8866582+02:00" endTime="2026-09-12T17:41:56.7511858+02:00" testType="13cdc9d9-ddb5-4fa4-a97d-d965ccfc6d4b" outcome="Passed" testListId="8c84fa94-04c1-424b-9868-57a2d4851a1d" relativeResultsDirectory="6630ef90-b40c-4487-a82e-69b06232f18a" />
    <UnitTestResult executionId="7f6e2c57-8e36-4d74-b9ac-4d9200b11fac" testId="6bbf8f55-ab6d-6d2e-62f7-9a3c7607cbd3" testName="StorageDemo.Tests.Application.ContentTypeTests.Transport_streams_are_video_rather_than_typescript(fileName: &quot;stream.m2ts&quot;)" computerName="TPG-PF68GP5X" duration="00:00:00.0003613" startTime="2026-09-12T17:41:31.4147947+02:00" endTime="2026-09-12T17:41:31.4152177+02:00" testType="13cdc9d9-ddb5-4fa4-a97d-d965ccfc6d4b" outcome="Passed" testListId="8c84fa94-04c1-424b-9868-57a2d4851a1d" relativeResultsDirectory="7f6e2c57-8e36-4d74-b9ac-4d9200b11fac" />
    <UnitTestResult executionId="e60909bd-9b63-4cc3-9d18-a11e90c3de36" testId="b5212c57-2bba-9c97-3a0a-caeb86894d8f" testName="StorageDemo.Tests.Infrastructure.StreamNameTests.A_name_is_read_from_whatever_shape_it_arrives_in(streamId: &quot;#!::r=camera1&quot;, expected: &quot;camera1&quot;)" computerName="TPG-PF68GP5X" duration="00:00:00.0000894" startTime="2026-09-12T17:41:31.4044696+02:00" endTime="2026-09-12T17:41:31.4046410+02:00" testType="13cdc9d9-ddb5-4fa4-a97d-d965ccfc6d4b" outcome="Passed" testListId="8c84fa94-04c1-424b-9868-57a2d4851a1d" relativeResultsDirectory="e60909bd-9b63-4cc3-9d18-a11e90c3de36" />
    <UnitTestResult executionId="279354b5-b2ee-46ed-9b5c-42ebc6d099c2" testId="31eb2d78-c05b-f229-be08-e7697c836222" testName="StorageDemo.Tests.Infrastructure.StreamNameTests.A_session_key_is_noticed_and_ignored" computerName="TPG-PF68GP5X" duration="00:00:00.0012803" startTime="2026-09-12T17:41:31.4186672+02:00" endTime="2026-09-12T17:41:31.4200348+02:00" testType="13cdc9d9-ddb5-4fa4-a97d-d965ccfc6d4b" outcome="Passed" testListId="8c84fa94-04c1-424b-9868-57a2d4851a1d" relativeResultsDirectory="279354b5-b2ee-46ed-9b5c-42ebc6d099c2" />
    <UnitTestResult executionId="4dd03698-9c31-40fc-97ba-5d745838aa39" testId="6e574999-6cf6-7714-f76e-8cb5bc1d5423" testName="StorageDemo.Tests.Infrastructure.StreamNameTests.A_name_is_read_from_whatever_shape_it_arrives_in(streamId: &quot;#!::r=cam1,m=publish,volcTime=123,user_thing=x&quot;, expected: &quot;cam1&quot;)" computerName="TPG-PF68GP5X" duration="00:00:00.0000877" startTime="2026-09-12T17:41:31.3881538+02:00" endTime="2026-09-12T17:41:31.3883029+02:00" testType="13cdc9d9-ddb5-4fa4-a97d-d965ccfc6d4b" outcome="Passed" testListId="8c84fa94-04c1-424b-9868-57a2d4851a1d" relativeResultsDirectory="4dd03698-9c31-40fc-97ba-5d745838aa39" />
    <UnitTestResult executionId="5cfd1598-52c4-4f2e-b495-ad9bb2cbfea9" testId="6ffa4dc5-c864-87f5-af78-951d78bfc653" testName="StorageDemo.Tests.Application.RetentionSweeperTests.An_earlier_recording_of_a_stream_that_is_recording_now_still_expires" computerName="TPG-PF68GP5X" duration="00:00:00.0015946" startTime="2026-09-12T17:41:31.5706335+02:00" endTime="2026-09-12T17:41:31.5722795+02:00" testType="13cdc9d9-ddb5-4fa4-a97d-d965ccfc6d4b" outcome="Passed" testListId="8c84fa94-04c1-424b-9868-57a2d4851a1d" relativeResultsDirectory="5cfd1598-52c4-4f2e-b495-ad9bb2cbfea9" />
    <UnitTestResult executionId="5a46839b-37ff-4135-9b93-880d7bda80ac" testId="d4c722a5-7c04-37b9-034f-4eb667ccf747" testName="StorageDemo.Tests.Application.SegmentedDocumentTests.The_reconciler_leaves_a_recording_alone" computerName="TPG-PF68GP5X" duration="00:00:00.0130298" startTime="2026-09-12T17:41:31.3748359+02:00" endTime="2026-09-12T17:41:31.3879543+02:00" testType="13cdc9d9-ddb5-4fa4-a97d-d965ccfc6d4b" outcome="Passed" testListId="8c84fa94-04c1-424b-9868-57a2d4851a1d" relativeResultsDirectory="5a46839b-37ff-4135-9b93-880d7bda80ac" />
    <UnitTestResult executionId="b4a02548-c6cb-412f-b721-ca1fc8898379" testId="aea48649-707f-4dda-7b85-f7368efe6856" testName="StorageDemo.Tests.Integration.LiveCapacityTests.A_full_pod_accepts_a_reconnect_of_a_name_it_already_owns" computerName="TPG-PF68GP5X" duration="00:00:07.0083781" startTime="2026-09-12T17:41:55.2208650+02:00" endTime="2026-09-12T17:42:02.2294206+02:00" testType="13cdc9d9-ddb5-4fa4-a97d-d965ccfc6d4b" outcome="Passed" testListId="8c84fa94-04c1-424b-9868-57a2d4851a1d" relativeResultsDirectory="b4a02548-c6cb-412f-b721-ca1fc8898379" />
    <UnitTestResult executionId="ac941a11-bba3-4fd9-9594-20d874c6f1a7" testId="dc94058f-0540-d41c-8934-118a62e59521" testName="StorageDemo.Tests.Integration.GrpcApiTests.Upload_then_download_round_trips_the_bytes" computerName="TPG-PF68GP5X" duration="00:00:00.1707496" startTime="2026-09-12T17:41:50.5500250+02:00" endTime="2026-09-12T17:41:50.7209121+02:00" testType="13cdc9d9-ddb5-4fa4-a97d-d965ccfc6d4b" outcome="Passed" testListId="8c84fa94-04c1-424b-9868-57a2d4851a1d" relativeResultsDirectory="ac941a11-bba3-4fd9-9594-20d874c6f1a7" />
    <UnitTestResult executionId="50e97e4c-63e9-45e4-9b2c-21b3c3df5138" testId="876aa083-7381-da9f-be5b-13ef080bbf3c" testName="StorageDemo.Tests.Integration.GrpcApiTests.GetLiveKlv_of_an_unknown_stream_reports_not_found" computerName="TPG-PF68GP5X" duration="00:00:00.0822093" startTime="2026-09-12T17:41:50.8010621+02:00" endTime="2026-09-12T17:41:50.8834070+02:00" testType="13cdc9d9-ddb5-4fa4-a97d-d965ccfc6d4b" outcome="Passed" testListId="8c84fa94-04c1-424b-9868-57a2d4851a1d" relativeResultsDirectory="50e97e4c-63e9-45e4-9b2c-21b3c3df5138" />
    <UnitTestResult executionId="40dc684b-b1dd-48b0-b34c-30cabf63a832" testId="6e01dded-6c20-1ca4-721c-df2a88fa2a73" testName="StorageDemo.Tests.Integration.LiveStreamTests.A_stream_carrying_klv_reports_its_marking_and_serves_the_decoded_minimum_set" computerName="TPG-PF68GP5X" duration="00:00:10.9649831" startTime="2026-09-12T17:41:31.2246002+02:00" endTime="2026-09-12T17:41:42.2019859+02:00" testType="13cdc9d9-ddb5-4fa4-a97d-d965ccfc6d4b" outcome="Passed" testListId="8c84fa94-04c1-424b-9868-57a2d4851a1d" relativeResultsDirectory="40dc684b-b1dd-48b0-b34c-30cabf63a832" />
    <UnitTestResult executionId="70f48cfa-cbb5-460a-a8be-5320adece874" testId="3f9c0363-2588-5e5a-d30d-478f2a4c145d" testName="StorageDemo.Tests.Infrastructure.MediaAnalyzerFrameTests.The_poster_frame_is_the_same_moment_wherever_the_timestamps_start" computerName="TPG-PF68GP5X" duration="00:00:02.7613608" startTime="2026-09-12T17:41:35.2444845+02:00" endTime="2026-09-12T17:41:38.0060528+02:00" testType="13cdc9d9-ddb5-4fa4-a97d-d965ccfc6d4b" outcome="Passed" testListId="8c84fa94-04c1-424b-9868-57a2d4851a1d" relativeResultsDirectory="70f48cfa-cbb5-460a-a8be-5320adece874" />
    <UnitTestResult executionId="4716001b-0dfe-42f1-bc8b-ee05dbc2c68d" testId="7c08206e-d66c-11a7-6a78-a56410e64e07" testName="StorageDemo.Tests.Application.ContentTypeTests.Video_containers_are_recognised(fileName: &quot;clip.mp4&quot;, expected: &quot;video/mp4&quot;)" computerName="TPG-PF68GP5X" duration="00:00:00.0007289" startTime="2026-09-12T17:41:31.4947729+02:00" endTime="2026-09-12T17:41:31.4955819+02:00" testType="13cdc9d9-ddb5-4fa4-a97d-d965ccfc6d4b" outcome="Passed" testListId="8c84fa94-04c1-424b-9868-57a2d4851a1d" relativeResultsDirectory="4716001b-0dfe-42f1-bc8b-ee05dbc2c68d" />
    <UnitTestResult executionId="701bd9be-7645-4bbb-92ef-d581b79d0dcb" testId="0366f8ee-fb8a-5c31-cda1-437d1fc19eba" testName="StorageDemo.Tests.Application.DocumentServiceTests.Delete_is_idempotent_for_an_unknown_document" computerName="TPG-PF68GP5X" duration="00:00:00.0013156" startTime="2026-09-12T17:41:31.4833766+02:00" endTime="2026-09-12T17:41:31.4847724+02:00" testType="13cdc9d9-ddb5-4fa4-a97d-d965ccfc6d4b" outcome="Passed" testListId="8c84fa94-04c1-424b-9868-57a2d4851a1d" relativeResultsDirectory="701bd9be-7645-4bbb-92ef-d581b79d0dcb" />
    <UnitTestResult executionId="24c3d687-2c27-4b1c-8b14-210acf87ab56" testId="80dfdc25-20e9-0fc5-822e-77c4a988a838" testName="StorageDemo.Tests.Infrastructure.LibavMediaAnalyzerTests.Media_types_are_recognised_and_other_types_are_left_alone" computerName="TPG-PF68GP5X" duration="00:00:00.0027927" startTime="2026-09-12T17:41:36.6143135+02:00" endTime="2026-09-12T17:41:36.6172420+02:00" testType="13cdc9d9-ddb5-4fa4-a97d-d965ccfc6d4b" outcome="Passed" testListId="8c84fa94-04c1-424b-9868-57a2d4851a1d" relativeResultsDirectory="24c3d687-2c27-4b1c-8b14-210acf87ab56" />
    <UnitTestResult executionId="40232e0b-3cd1-479b-950a-5d4c25e66770" testId="0009b7aa-547d-a174-d9fb-8d43264c3cda" testName="StorageDemo.Tests.Infrastructure.StreamNameTests.A_caller_asking_to_receive_is_refused_on_the_ingest_port" computerName="TPG-PF68GP5X" duration="00:00:00.0048255" startTime="2026-09-12T17:41:31.4061099+02:00" endTime="2026-09-12T17:41:31.4110130+02:00" testType="13cdc9d9-ddb5-4fa4-a97d-d965ccfc6d4b" outcome="Passed" testListId="8c84fa94-04c1-424b-9868-57a2d4851a1d" relativeResultsDirectory="40232e0b-3cd1-479b-950a-5d4c25e66770" />
    <UnitTestResult executionId="f7de3faf-4999-4d52-9fd8-57429a92a676" testId="ba7c27ab-05fd-aee3-715c-cc3f3f9b08e3" testName="StorageDemo.Tests.Infrastructure.LiteDbDocumentRepositoryTests.Delete_removes_the_document" computerName="TPG-PF68GP5X" duration="00:00:00.0544800" startTime="2026-09-12T17:41:32.1919049+02:00" endTime="2026-09-12T17:41:32.2464649+02:00" testType="13cdc9d9-ddb5-4fa4-a97d-d965ccfc6d4b" outcome="Passed" testListId="8c84fa94-04c1-424b-9868-57a2d4851a1d" relativeResultsDirectory="f7de3faf-4999-4d52-9fd8-57429a92a676" />
    <UnitTestResult executionId="89803fbe-6324-4dd7-9008-99680d01ae47" testId="71467c8d-533e-0fa3-3402-caec06469b8c" testName="StorageDemo.Tests.Application.DocumentServiceTests.Upload_deletes_the_file_when_the_metadata_write_fails" computerName="TPG-PF68GP5X" duration="00:00:00.0030964" startTime="2026-09-12T17:41:31.9095655+02:00" endTime="2026-09-12T17:41:31.9127372+02:00" testType="13cdc9d9-ddb5-4fa4-a97d-d965ccfc6d4b" outcome="Passed" testListId="8c84fa94-04c1-424b-9868-57a2d4851a1d" relativeResultsDirectory="89803fbe-6324-4dd7-9008-99680d01ae47" />
    <UnitTestResult executionId="4b14a40a-bed6-4a0f-acc9-6e6012d99de4" testId="96ff4dae-f04a-976c-8c06-4d57cc62ca77" testName="StorageDemo.Tests.Infrastructure.LiteDbDocumentRepositoryTests.Can_insert_and_read_a_document" computerName="TPG-PF68GP5X" duration="00:00:00.0020901" startTime="2026-09-12T17:41:32.2893557+02:00" endTime="2026-09-12T17:41:32.2915351+02:00" testType="13cdc9d9-ddb5-4fa4-a97d-d965ccfc6d4b" outcome="Passed" testListId="8c84fa94-04c1-424b-9868-57a2d4851a1d" relativeResultsDirectory="4b14a40a-bed6-4a0f-acc9-6e6012d99de4" />
    <UnitTestResult executionId="5b4d8448-99b5-400c-a780-a184cc8a4eaf" testId="e65e93cf-827c-ce9e-9ee3-8c64ec41607b" testName="StorageDemo.Tests.Infrastructure.MediaAnalyzerFrameTests.Media_with_no_picture_in_it_has_no_latest_frame" computerName="TPG-PF68GP5X" duration="00:00:00.0590983" startTime="2026-09-12T17:41:40.5926294+02:00" endTime="2026-09-12T17:41:40.6519454+02:00" testType="13cdc9d9-ddb5-4fa4-a97d-d965ccfc6d4b" outcome="Passed" testListId="8c84fa94-04c1-424b-9868-57a2d4851a1d" relativeResultsDirectory="5b4d8448-99b5-400c-a780-a184cc8a4eaf" />
    <UnitTestResult executionId="3a27bc01-a7c2-4de5-bacb-b85888afbe6d" testId="e183d559-21fe-bbf5-a24e-79b765e5afd4" testName="StorageDemo.Tests.Infrastructure.StreamNameTests.A_name_is_read_from_whatever_shape_it_arrives_in(streamId: &quot;  camera1  &quot;, expected: &quot;camera1&quot;)" computerName="TPG-PF68GP5X" duration="00:00:00.0000848" startTime="2026-09-12T17:41:31.4051861+02:00" endTime="2026-09-12T17:41:31.4053322+02:00" testType="13cdc9d9-ddb5-4fa4-a97d-d965ccfc6d4b" outcome="Passed" testListId="8c84fa94-04c1-424b-9868-57a2d4851a1d" relativeResultsDirectory="3a27bc01-a7c2-4de5-bacb-b85888afbe6d" />
    <UnitTestResult executionId="b75853d7-669e-46a9-9c56-b99ff7b1d8f5" testId="72b85844-ab6d-52c2-82a2-c2bcf0da9166" testName="StorageDemo.Tests.Infrastructure.SrtListenerTests.The_encoders_higher_latency_wins" computerName="TPG-PF68GP5X" duration="00:00:00.3606976" startTime="2026-09-12T17:41:42.2966692+02:00" endTime="2026-09-12T17:41:42.6575683+02:00" testType="13cdc9d9-ddb5-4fa4-a97d-d965ccfc6d4b" outcome="Passed" testListId="8c84fa94-04c1-424b-9868-57a2d4851a1d" relativeResultsDirectory="b75853d7-669e-46a9-9c56-b99ff7b1d8f5" />
    <UnitTestResult executionId="33c2dcb9-6278-4040-a5ae-a0f9a4943d4e" testId="82b491ba-86a2-3e37-e178-9d6ab2ea0db4" testName="StorageDemo.Tests.Infrastructure.StreamNameTests.An_unusable_name_is_rejected_rather_than_repaired(streamId: &quot;live/../secret&quot;)" computerName="TPG-PF68GP5X" duration="00:00:00.0000864" startTime="2026-09-12T17:41:31.3565927+02:00" endTime="2026-09-12T17:41:31.3567399+02:00" testType="13cdc9d9-ddb5-4fa4-a97d-d965ccfc6d4b" outcome="Passed" testListId="8c84fa94-04c1-424b-9868-57a2d4851a1d" relativeResultsDirectory="33c2dcb9-6278-4040-a5ae-a0f9a4943d4e" />
    <UnitTestResult executionId="bcb6e6f4-2409-4944-bdcd-3202e48d1602" testId="97f21f2b-d28d-c8a9-3fa6-a1d28a3d60c4" testName="StorageDemo.Tests.Application.Misb0903Tests.A_frame_of_detections_survives_the_round_trip" computerName="TPG-PF68GP5X" duration="00:00:00.0433172" startTime="2026-09-12T17:41:31.6382294+02:00" endTime="2026-09-12T17:41:31.6816386+02:00" testType="13cdc9d9-ddb5-4fa4-a97d-d965ccfc6d4b" outcome="Passed" testListId="8c84fa94-04c1-424b-9868-57a2d4851a1d" relativeResultsDirectory="bcb6e6f4-2409-4944-bdcd-3202e48d1602" />
    <UnitTestResult executionId="1afa3d17-c4a4-4bea-a433-6f14fcfdbbf6" testId="a6c2aad9-7469-a892-7886-a99cfd446824" testName="StorageDemo.Tests.Infrastructure.FileSystemStorageTests.Save_overwrites_an_existing_key" computerName="TPG-PF68GP5X" duration="00:00:00.0174767" startTime="2026-09-12T17:41:31.7109457+02:00" endTime="2026-09-12T17:41:31.7285395+02:00" testType="13cdc9d9-ddb5-4fa4-a97d-d965ccfc6d4b" outcome="Passed" testListId="8c84fa94-04c1-424b-9868-57a2d4851a1d" relativeResultsDirectory="1afa3d17-c4a4-4bea-a433-6f14fcfdbbf6" />
    <UnitTestResult executionId="700c0b6b-6e96-4c02-bfca-bd24b73596c0" testId="ec8bb80a-981c-44ce-562e-ebc16e698318" testName="StorageDemo.Tests.Infrastructure.LiteDbDocumentRepositoryTests.GetAll_is_empty_for_a_fresh_database" computerName="TPG-PF68GP5X" duration="00:00:00.0011286" startTime="2026-09-12T17:41:32.1901682+02:00" endTime="2026-09-12T17:41:32.1913525+02:00" testType="13cdc9d9-ddb5-4fa4-a97d-d965ccfc6d4b" outcome="Passed" testListId="8c84fa94-04c1-424b-9868-57a2d4851a1d" relativeResultsDirectory="700c0b6b-6e96-4c02-bfca-bd24b73596c0" />
    <UnitTestResult executionId="1f36d30c-3ce0-4040-8f74-ec0beda9e4cd" testId="efc0fda6-aeca-109d-66ae-32cc0fd8ef1f" testName="StorageDemo.Tests.Infrastructure.StreamNameTests.A_name_is_read_from_whatever_shape_it_arrives_in(streamId: &quot;%23!::r=live/cam1,m=publish&quot;, expected: &quot;live/cam1&quot;)" computerName="TPG-PF68GP5X" duration="00:00:00.0000824" startTime="2026-09-12T17:41:31.3903726+02:00" endTime="2026-09-12T17:41:31.3905095+02:00" testType="13cdc9d9-ddb5-4fa4-a97d-d965ccfc6d4b" outcome="Passed" testListId="8c84fa94-04c1-424b-9868-57a2d4851a1d" relativeResultsDirectory="1f36d30c-3ce0-4040-8f74-ec0beda9e4cd" />
    <UnitTestResult executionId="43977eb0-903b-418b-b600-333a4f85cc5f" testId="92c428e6-84cc-56ab-5cd2-34916a1b0a7e" testName="StorageDemo.Tests.Infrastructure.SrtListenerTests.A_sender_with_an_unparseable_name_is_rejected_during_the_handshake_and_not_after" computerName="TPG-PF68GP5X" duration="00:00:00.2035664" startTime="2026-09-12T17:41:41.7618857+02:00" endTime="2026-09-12T17:41:41.9655876+02:00" testType="13cdc9d9-ddb5-4fa4-a97d-d965ccfc6d4b" outcome="Passed" testListId="8c84fa94-04c1-424b-9868-57a2d4851a1d" relativeResultsDirectory="43977eb0-903b-418b-b600-333a4f85cc5f" />
    <UnitTestResult executionId="6b26744c-ba84-432e-85e1-40c1230e4f73" testId="7cfc772f-4922-01c2-53f9-7977e007efd1" testName="StorageDemo.Tests.Infrastructure.PostgresDocumentRepositoryTests.Reading_an_unknown_id_returns_null" computerName="TPG-PF68GP5X" duration="00:00:00.0010000" startTime="2026-09-12T17:41:31.6131047+02:00" endTime="2026-09-12T17:41:31.6156396+02:00" testType="13cdc9d9-ddb5-4fa4-a97d-d965ccfc6d4b" outcome="NotExecuted" testListId="8c84fa94-04c1-424b-9868-57a2d4851a1d" relativeResultsDirectory="6b26744c-ba84-432e-85e1-40c1230e4f73">
      <Output>
        <ErrorInfo>
          <Message>Set POSTGRES_TEST_CONNECTION to run the PostgreSQL contract tests.</Message>
        </ErrorInfo>
      </Output>
    </UnitTestResult>
    <UnitTestResult executionId="e26fe094-961d-4af1-bbb6-72792fcf9153" testId="33484864-c2bc-8318-54bc-3e864cba128e" testName="StorageDemo.Tests.Application.RetentionSweeperTests.A_live_streams_entry_is_not_removed" computerName="TPG-PF68GP5X" duration="00:00:00.0340622" startTime="2026-09-12T17:41:31.4666472+02:00" endTime="2026-09-12T17:41:31.5007853+02:00" testType="13cdc9d9-ddb5-4fa4-a97d-d965ccfc6d4b" outcome="Passed" testListId="8c84fa94-04c1-424b-9868-57a2d4851a1d" relativeResultsDirectory="e26fe094-961d-4af1-bbb6-72792fcf9153" />
    <UnitTestResult executionId="937ca4e6-e00f-4cfd-96cc-e95425e70334" testId="315c2ff0-331a-d25c-9d8b-d3b052039897" testName="StorageDemo.Tests.Application.ContentTypeTests.Kind_is_derived_from_the_name_when_no_type_was_declared(fileName: &quot;song.mp3&quot;, expected: Audio)" computerName="TPG-PF68GP5X" duration="00:00:00.0000592" startTime="2026-09-12T17:41:31.4938225+02:00" endTime="2026-09-12T17:41:31.4939406+02:00" testType="13cdc9d9-ddb5-4fa4-a97d-d965ccfc6d4b" outcome="Passed" testListId="8c84fa94-04c1-424b-9868-57a2d4851a1d" relativeResultsDirectory="937ca4e6-e00f-4cfd-96cc-e95425e70334" />
    <UnitTestResult executionId="e2745fd2-1173-417e-a45f-6068d03062d7" testId="6b1bc3e7-3c8d-83b1-56d4-d0316e1d8501" testName="StorageDemo.Tests.Infrastructure.SrtListenerTests.The_consumption_side_inherits_the_latency_too" computerName="TPG-PF68GP5X" duration="00:00:00.2097181" startTime="2026-09-12T17:41:43.4028494+02:00" endTime="2026-09-12T17:41:43.6127131+02:00" testType="13cdc9d9-ddb5-4fa4-a97d-d965ccfc6d4b" outcome="Passed" testListId="8c84fa94-04c1-424b-9868-57a2d4851a1d" relativeResultsDirectory="e2745fd2-1173-417e-a45f-6068d03062d7" />
    <UnitTestResult executionId="2bf8917f-0238-4ee2-8e48-d485a039183b" testId="d59b8560-f74a-e864-14f5-c5d2c3303327" testName="StorageDemo.Tests.Integration.GrpcApiTests.ListLive_carries_the_health_figures" computerName="TPG-PF68GP5X" duration="00:00:00.1729516" startTime="2026-09-12T17:41:45.6471816+02:00" endTime="2026-09-12T17:41:45.8202546+02:00" testType="13cdc9d9-ddb5-4fa4-a97d-d965ccfc6d4b" outcome="Passed" testListId="8c84fa94-04c1-424b-9868-57a2d4851a1d" relativeResultsDirectory="2bf8917f-0238-4ee2-8e48-d485a039183b" />
    <UnitTestResult executionId="773f8b41-af58-49a1-afae-db1f173054b7" testId="5f9457a6-dc76-e29f-7dce-4f0dcc058f5e" testName="StorageDemo.Tests.Application.SegmentedDocumentTests.Seeking_lands_on_the_right_byte_wherever_it_is_asked_to(position: 99)" computerName="TPG-PF68GP5X" duration="00:00:00.0001678" startTime="2026-09-12T17:41:31.3729416+02:00" endTime="2026-09-12T17:41:31.3731669+02:00" testType="13cdc9d9-ddb5-4fa4-a97d-d965ccfc6d4b" outcome="Passed" testListId="8c84fa94-04c1-424b-9868-57a2d4851a1d" relativeResultsDirectory="773f8b41-af58-49a1-afae-db1f173054b7" />
    <UnitTestResult executionId="c45d87d6-94d1-4ed9-b040-fac30e3cb895" testId="e3d0a966-7697-cb8e-3a03-08f7ddf87371" testName="StorageDemo.Tests.Application.RetentionSweeperTests.A_recording_still_being_written_survives_however_old_it_is" computerName="TPG-PF68GP5X" duration="00:00:00.0138252" startTime="2026-09-12T17:41:31.5264152+02:00" endTime="2026-09-12T17:41:31.5403289+02:00" testType="13cdc9d9-ddb5-4fa4-a97d-d965ccfc6d4b" outcome="Passed" testListId="8c84fa94-04c1-424b-9868-57a2d4851a1d" relativeResultsDirectory="c45d87d6-94d1-4ed9-b040-fac30e3cb895" />
    <UnitTestResult executionId="dd9c4f43-719f-4716-ae0c-4b29c2e53f2b" testId="35c3ce4b-1837-3ce0-ef31-917f46f426f6" testName="StorageDemo.Tests.Infrastructure.FileSystemStorageTests.Content_arriving_as_a_forward_only_stream_is_stored" computerName="TPG-PF68GP5X" duration="00:00:00.0497043" startTime="2026-09-12T17:41:31.4837525+02:00" endTime="2026-09-12T17:41:31.5336156+02:00" testType="13cdc9d9-ddb5-4fa4-a97d-d965ccfc6d4b" outcome="Passed" testListId="8c84fa94-04c1-424b-9868-57a2d4851a1d" relativeResultsDirectory="dd9c4f43-719f-4716-ae0c-4b29c2e53f2b" />
    <UnitTestResult executionId="ee147693-8886-4947-ab55-34e85152331b" testId="08271012-89e6-83f4-5f24-2bc6e1d8727f" testName="StorageDemo.Tests.Integration.GrpcApiTests.An_upload_that_does_not_start_with_metadata_is_rejected" computerName="TPG-PF68GP5X" duration="00:00:00.1243712" startTime="2026-09-12T17:41:50.4229264+02:00" endTime="2026-09-12T17:41:50.5474495+02:00" testType="13cdc9d9-ddb5-4fa4-a97d-d965ccfc6d4b" outcome="Passed" testListId="8c84fa94-04c1-424b-9868-57a2d4851a1d" relativeResultsDirectory="ee147693-8886-4947-ab55-34e85152331b" />
    <UnitTestResult executionId="a6ae311c-ddb9-43f7-843d-c95f22cdd045" testId="1b7b1972-a23b-f1d9-8f58-6a30f1be575b" testName="StorageDemo.Tests.Application.Misb0903Tests.A_flipped_bit_anywhere_in_the_packet_breaks_the_checksum" computerName="TPG-PF68GP5X" duration="00:00:00.0083472" startTime="2026-09-12T17:41:31.7043565+02:00" endTime="2026-09-12T17:41:31.7128867+02:00" testType="13cdc9d9-ddb5-4fa4-a97d-d965ccfc6d4b" outcome="Passed" testListId="8c84fa94-04c1-424b-9868-57a2d4851a1d" relativeResultsDirectory="a6ae311c-ddb9-43f7-843d-c95f22cdd045" />
    <UnitTestResult executionId="f207ef25-be15-4279-8c2d-96f26e08235e" testId="f9db7a6a-fda9-6a79-cac4-5354765eccc0" testName="StorageDemo.Tests.Infrastructure.StreamNameTests.No_position_means_the_live_edge(streamId: &quot;#!::r=cam1,user_from=0&quot;)" computerName="TPG-PF68GP5X" duration="00:00:00.0009032" startTime="2026-09-12T17:41:31.3667416+02:00" endTime="2026-09-12T17:41:31.3677389+02:00" testType="13cdc9d9-ddb5-4fa4-a97d-d965ccfc6d4b" outcome="Passed" testListId="8c84fa94-04c1-424b-9868-57a2d4851a1d" relativeResultsDirectory="f207ef25-be15-4279-8c2d-96f26e08235e" />
    <UnitTestResult executionId="da7e7ef6-0f9a-40ab-9668-1fe9c9780f11" testId="86815ec7-f424-5fcc-7373-fdc43d93bfc0" testName="StorageDemo.Tests.Integration.GrpcApiTests.GetProviders_says_when_documents_expire" computerName="TPG-PF68GP5X" duration="00:00:00.1022819" startTime="2026-09-12T17:41:44.7605341+02:00" endTime="2026-09-12T17:41:44.8629401+02:00" testType="13cdc9d9-ddb5-4fa4-a97d-d965ccfc6d4b" outcome="Passed" testListId="8c84fa94-04c1-424b-9868-57a2d4851a1d" relativeResultsDirectory="da7e7ef6-0f9a-40ab-9668-1fe9c9780f11" />
    <UnitTestResult executionId="c0e02f9e-c204-4ef7-804d-684689064284" testId="926bee43-9eb1-1875-4451-0ce62bc25bba" testName="StorageDemo.Tests.Application.DocumentServiceTests.Download_returns_the_stored_bytes" computerName="TPG-PF68GP5X" duration="00:00:00.0177409" startTime="2026-09-12T17:41:31.4647795+02:00" endTime="2026-09-12T17:41:31.4825916+02:00" testType="13cdc9d9-ddb5-4fa4-a97d-d965ccfc6d4b" outcome="Passed" testListId="8c84fa94-04c1-424b-9868-57a2d4851a1d" relativeResultsDirectory="c0e02f9e-c204-4ef7-804d-684689064284" />
    <UnitTestResult executionId="8d774f14-3227-4121-ad93-68c11afb9269" testId="0fcdd7bf-78c5-9d9e-e0f6-cbd57fc1fe06" testName="StorageDemo.Tests.Integration.LiveStreamTests.The_endpoints_are_closed_without_the_token" computerName="TPG-PF68GP5X" duration="00:00:00.0998766" startTime="2026-09-12T17:42:57.8852612+02:00" endTime="2026-09-12T17:42:57.9852345+02:00" testType="13cdc9d9-ddb5-4fa4-a97d-d965ccfc6d4b" outcome="Passed" testListId="8c84fa94-04c1-424b-9868-57a2d4851a1d" relativeResultsDirectory="8d774f14-3227-4121-ad93-68c11afb9269" />
    <UnitTestResult executionId="4ea05e39-69bc-4540-9ad1-b714d7840cd7" testId="81d5188d-e464-ed63-1d88-9e3cb9f237b9" testName="StorageDemo.Tests.Application.DocumentServiceTests.Delete_removes_both_the_file_and_the_metadata" computerName="TPG-PF68GP5X" duration="00:00:00.0029118" startTime="2026-09-12T17:41:31.9298256+02:00" endTime="2026-09-12T17:41:31.9328629+02:00" testType="13cdc9d9-ddb5-4fa4-a97d-d965ccfc6d4b" outcome="Passed" testListId="8c84fa94-04c1-424b-9868-57a2d4851a1d" relativeResultsDirectory="4ea05e39-69bc-4540-9ad1-b714d7840cd7" />
    <UnitTestResult executionId="ab730e57-57bc-4022-b2e2-56cda12072fa" testId="bdf969cd-3133-977d-a15d-c46c12a8bb71" testName="StorageDemo.Tests.Application.SegmentedDocumentTests.Each_segment_is_stored_as_it_completes_rather_than_at_the_end" computerName="TPG-PF68GP5X" duration="00:00:00.0246622" startTime="2026-09-12T17:41:31.3886930+02:00" endTime="2026-09-12T17:41:31.4134070+02:00" testType="13cdc9d9-ddb5-4fa4-a97d-d965ccfc6d4b" outcome="Passed" testListId="8c84fa94-04c1-424b-9868-57a2d4851a1d" relativeResultsDirectory="ab730e57-57bc-4022-b2e2-56cda12072fa" />
    <UnitTestResult executionId="c0171396-f90f-4e67-8367-9ccb2dda6e82" testId="eb55eab1-7508-aa7d-ebf0-57a21cc27361" testName="StorageDemo.Tests.Infrastructure.RollingBufferTests.Packets_are_handed_over_in_order_from_the_chosen_segment" computerName="TPG-PF68GP5X" duration="00:00:00.0396410" startTime="2026-09-12T17:41:31.4257967+02:00" endTime="2026-09-12T17:41:31.4655133+02:00" testType="13cdc9d9-ddb5-4fa4-a97d-d965ccfc6d4b" outcome="Passed" testListId="8c84fa94-04c1-424b-9868-57a2d4851a1d" relativeResultsDirectory="c0171396-f90f-4e67-8367-9ccb2dda6e82" />
    <UnitTestResult executionId="ff8f868b-8bfe-4da6-bcca-67f02911b3cf" testId="ce7e6d30-0646-82a6-c907-c8eecf128d2a" testName="StorageDemo.Tests.Application.SegmentedDocumentTests.A_recording_that_stored_no_pieces_is_not_a_document" computerName="TPG-PF68GP5X" duration="00:00:00.0042315" startTime="2026-09-12T17:41:31.4204981+02:00" endTime="2026-09-12T17:41:31.4247932+02:00" testType="13cdc9d9-ddb5-4fa4-a97d-d965ccfc6d4b" outcome="Passed" testListId="8c84fa94-04c1-424b-9868-57a2d4851a1d" relativeResultsDirectory="ff8f868b-8bfe-4da6-bcca-67f02911b3cf" />
    <UnitTestResult executionId="cf60c58a-35f3-4109-b589-adb70de2f504" testId="d12900cd-729e-e403-2b00-ef70031a0864" testName="StorageDemo.Tests.Integration.GrpcApiTests.Watch_pushes_an_event_when_a_document_is_uploaded" computerName="TPG-PF68GP5X" duration="00:00:00.2392011" startTime="2026-09-12T17:41:44.3694771+02:00" endTime="2026-09-12T17:41:44.6088575+02:00" testType="13cdc9d9-ddb5-4fa4-a97d-d965ccfc6d4b" outcome="Passed" testListId="8c84fa94-04c1-424b-9868-57a2d4851a1d" relativeResultsDirectory="cf60c58a-35f3-4109-b589-adb70de2f504" />
    <UnitTestResult executionId="b04de333-ba95-4d44-8f34-da48e9e87f3a" testId="fbeb91cc-2383-1663-bd42-00f2c15b5cf8" testName="StorageDemo.Tests.Infrastructure.FileSystemStorageTests.Exists_is_false_for_a_missing_key" computerName="TPG-PF68GP5X" duration="00:00:00.0036895" startTime="2026-09-12T17:41:31.6056729+02:00" endTime="2026-09-12T17:41:31.6094126+02:00" testType="13cdc9d9-ddb5-4fa4-a97d-d965ccfc6d4b" outcome="Passed" testListId="8c84fa94-04c1-424b-9868-57a2d4851a1d" relativeResultsDirectory="b04de333-ba95-4d44-8f34-da48e9e87f3a" />
    <UnitTestResult executionId="7e432d37-cdd9-497d-82b3-85915a0098e3" testId="a4766aef-8ceb-c485-3edf-c273bb55d011" testName="StorageDemo.Tests.Infrastructure.StreamNameTests.A_viewer_may_ask_to_start_further_back(streamId: &quot;#!::r=cam1,user_from=6.5&quot;, expected: 6.5)" computerName="TPG-PF68GP5X" duration="00:00:00.0102350" startTime="2026-09-12T17:41:31.3712551+02:00" endTime="2026-09-12T17:41:31.3815896+02:00" testType="13cdc9d9-ddb5-4fa4-a97d-d965ccfc6d4b" outcome="Passed" testListId="8c84fa94-04c1-424b-9868-57a2d4851a1d" relativeResultsDirectory="7e432d37-cdd9-497d-82b3-85915a0098e3" />
    <UnitTestResult executionId="654a385d-db0c-4a43-a029-37c8215fd9e0" testId="590306e3-cd12-36a5-23d7-8e0d88184628" testName="StorageDemo.Tests.Application.DocumentServiceTests.Analysis_stores_the_thumbnail_alongside_the_document" computerName="TPG-PF68GP5X" duration="00:00:00.0098405" startTime="2026-09-12T17:41:31.8988224+02:00" endTime="2026-09-12T17:41:31.9087758+02:00" testType="13cdc9d9-ddb5-4fa4-a97d-d965ccfc6d4b" outcome="Passed" testListId="8c84fa94-04c1-424b-9868-57a2d4851a1d" relativeResultsDirectory="654a385d-db0c-4a43-a029-37c8215fd9e0" />
    <UnitTestResult executionId="6cedf858-4e7f-4cf1-8e98-0409c757640e" testId="0a02b414-2c22-218e-b90f-0b9f42b76a9a" testName="StorageDemo.Tests.Infrastructure.RollingBufferTests.A_keyframe_after_a_long_silence_makes_the_stream_startable_again" computerName="TPG-PF68GP5X" duration="00:00:00.0032696" startTime="2026-09-12T17:41:31.4070781+02:00" endTime="2026-09-12T17:41:31.4104509+02:00" testType="13cdc9d9-ddb5-4fa4-a97d-d965ccfc6d4b" outcome="Passed" testListId="8c84fa94-04c1-424b-9868-57a2d4851a1d" relativeResultsDirectory="6cedf858-4e7f-4cf1-8e98-0409c757640e" />
    <UnitTestResult executionId="941bc919-8d0b-467e-91b8-5902d473bd30" testId="239e7594-93ab-ae23-2448-1b7552810688" testName="StorageDemo.Tests.Application.DocumentServiceTests.Upload_returns_before_the_thumbnail_exists_and_queues_the_work" computerName="TPG-PF68GP5X" duration="00:00:00.1718685" startTime="2026-09-12T17:41:31.5694810+02:00" endTime="2026-09-12T17:41:31.7414510+02:00" testType="13cdc9d9-ddb5-4fa4-a97d-d965ccfc6d4b" outcome="Passed" testListId="8c84fa94-04c1-424b-9868-57a2d4851a1d" relativeResultsDirectory="941bc919-8d0b-467e-91b8-5902d473bd30" />
    <UnitTestResult executionId="23efcb99-728c-455e-8d55-268525f5ebe4" testId="c5a6c438-775b-bdcc-f374-3c0c9996b817" testName="StorageDemo.Tests.Application.Misb0601RealStreamTests.Every_packet_verifies_and_carries_the_whole_minimum_set" computerName="TPG-PF68GP5X" duration="00:00:03.9819727" startTime="2026-09-12T17:41:31.2246332+02:00" endTime="2026-09-12T17:41:35.2329682+02:00" testType="13cdc9d9-ddb5-4fa4-a97d-d965ccfc6d4b" outcome="Passed" testListId="8c84fa94-04c1-424b-9868-57a2d4851a1d" relativeResultsDirectory="23efcb99-728c-455e-8d55-268525f5ebe4" />
    <UnitTestResult executionId="6e1aa0ee-abf8-4ef8-bcd0-4580221c6d9c" testId="646b6153-8ef2-7f04-51e2-f5524ce3914e" testName="StorageDemo.Tests.Infrastructure.StreamNameTests.Nothing_at_all_is_refused(streamId: &quot;\0&quot;)" computerName="TPG-PF68GP5X" duration="00:00:00.0000732" startTime="2026-09-12T17:41:31.4176589+02:00" endTime="2026-09-12T17:41:31.4178834+02:00" testType="13cdc9d9-ddb5-4fa4-a97d-d965ccfc6d4b" outcome="Passed" testListId="8c84fa94-04c1-424b-9868-57a2d4851a1d" relativeResultsDirectory="6e1aa0ee-abf8-4ef8-bcd0-4580221c6d9c" />
    <UnitTestResult executionId="c4989c89-f7e0-4a14-a0a1-388dc0fb5fa0" testId="77cc8bd5-e2dd-0892-1692-2d3425b898ce" testName="StorageDemo.Tests.Application.Misb0601RealStreamTests.The_carriage_is_synchronous_and_the_two_clocks_agree" computerName="TPG-PF68GP5X" duration="00:00:00.8770699" startTime="2026-09-12T17:41:35.2362904+02:00" endTime="2026-09-12T17:41:36.1136614+02:00" testType="13cdc9d9-ddb5-4fa4-a97d-d965ccfc6d4b" outcome="Passed" testListId="8c84fa94-04c1-424b-9868-57a2d4851a1d" relativeResultsDirectory="c4989c89-f7e0-4a14-a0a1-388dc0fb5fa0" />
    <UnitTestResult executionId="e92f45b5-8aae-429d-95ea-ac6047a41246" testId="c36b0501-e577-cdea-0df7-03855ea94745" testName="StorageDemo.Tests.Infrastructure.LiveMetricsTests.The_owned_gauge_reports_what_the_heartbeat_last_told_it" computerName="TPG-PF68GP5X" duration="00:00:00.1378984" startTime="2026-09-12T17:41:31.2244406+02:00" endTime="2026-09-12T17:41:31.3890782+02:00" testType="13cdc9d9-ddb5-4fa4-a97d-d965ccfc6d4b" outcome="Passed" testListId="8c84fa94-04c1-424b-9868-57a2d4851a1d" relativeResultsDirectory="e92f45b5-8aae-429d-95ea-ac6047a41246" />
    <UnitTestResult executionId="a48a310e-593f-4fe6-8e53-432d0e67a35f" testId="b1fdb516-1614-7efe-55dc-4bcc5c454d94" testName="StorageDemo.Tests.Integration.LiveStreamTests.An_encoder_that_names_itself_appears_and_can_be_recorded_and_snapshotted" computerName="TPG-PF68GP5X" duration="00:00:13.4729485" startTime="2026-09-12T17:42:58.0796918+02:00" endTime="2026-09-12T17:43:11.5527301+02:00" testType="13cdc9d9-ddb5-4fa4-a97d-d965ccfc6d4b" outcome="Passed" testListId="8c84fa94-04c1-424b-9868-57a2d4851a1d" relativeResultsDirectory="a48a310e-593f-4fe6-8e53-432d0e67a35f" />
[...]
17:41:50.683000/T40028*E:SRT.cn: srt_accept: listener socket @776997611 is already closed&#xD;
17:41:50.701000/T35752*E:SRT.cn: srt_accept: listener socket @776997610 is already closed&#xD;
17:41:50.796000/T46796*E:SRT.cn: srt_accept: listener socket @776997609 is already closed&#xD;
17:41:50.796000/T56376*E:SRT.cn: srt_accept: listener socket @776997608 is already closed&#xD;
17:41:50.879000/T30292*E:SRT.cn: srt_accept: listener socket @776997607 is already closed&#xD;
17:41:50.880000/T63336*E:SRT.cn: srt_accept: listener socket @776997606 is already closed&#xD;
17:41:51.215000/T59196!W:SRT.br: CRcvBuffer.readMessage(): nothing to read. Ignored isRcvDataReady() result?&#xD;
17:41:51.266000/T32880!W:SRT.br: CRcvBuffer.readMessage(): nothing to read. Ignored isRcvDataReady() result?&#xD;
17:41:51.306000/T31260*E:SRT.cn: srt_accept: listener socket @776997716 is already closed&#xD;
17:41:51.307000/T57180*E:SRT.cn: srt_accept: listener socket @776997717 is already closed&#xD;
17:41:51.697000/T25548*E:SRT.cn: srt_accept: listener socket @776997623 is already closed&#xD;
17:41:51.798000/T5812*E:SRT.cn: srt_accept: listener socket @776997622 is already closed&#xD;
17:41:52.231000/T59196!W:SRT.br: CRcvBuffer.readMessage(): nothing to read. Ignored isRcvDataReady() result?&#xD;
17:41:52.788000/T23936!W:SRT.br: CRcvBuffer.readMessage(): nothing to read. Ignored isRcvDataReady() result?&#xD;
17:41:53.238000/T59196!W:SRT.br: CRcvBuffer.readMessage(): nothing to read. Ignored isRcvDataReady() result?&#xD;
[swscaler @ 0000021c34b400c0] deprecated pixel format used, make sure you did set range correctly&#xD;
17:41:53.797000/T23936!W:SRT.br: CRcvBuffer.readMessage(): nothing to read. Ignored isRcvDataReady() result?&#xD;
[swscaler @ 0000021c34b400c0] deprecated pixel format used, make sure you did set range correctly&#xD;
17:41:54.246000/T59196!W:SRT.br: CRcvBuffer.readMessage(): nothing to read. Ignored isRcvDataReady() result?&#xD;
17:41:54.807000/T23936!W:SRT.br: CRcvBuffer.readMessage(): nothing to read. Ignored isRcvDataReady() result?&#xD;
17:41:55.204000/T59196!W:SRT.br: CRcvBuffer.readMessage(): nothing to read. Ignored isRcvDataReady() result?&#xD;
17:41:55.303000/T15200*E:SRT.cn: srt_accept: listener socket @776997603 is already closed&#xD;
17:41:55.304000/T15928*E:SRT.cn: srt_accept: listener socket @776997602 is already closed&#xD;
17:41:55.305000/T31308*E:SRT.cn: srt_accept: listener socket @776997600 is already closed&#xD;
17:41:55.305000/T63212*E:SRT.cn: srt_accept: listener socket @776997601 is already closed&#xD;
[swscaler @ 0000021c34b400c0] deprecated pixel format used, make sure you did set range correctly&#xD;
17:41:55.526000/T51936*E:SRT.cn: srt_accept: listener socket @776997605 is already closed&#xD;
17:41:55.527000/T62216*E:SRT.cn: srt_accept: listener socket @776997604 is already closed&#xD;
17:41:55.811000/T23936!W:SRT.br: CRcvBuffer.readMessage(): nothing to read. Ignored isRcvDataReady() result?&#xD;
17:41:56.744000/T23936!W:SRT.br: CRcvBuffer.readMessage(): nothing to read. Ignored isRcvDataReady() result?&#xD;
17:41:57.171000/T16624*E:SRT.cn: srt_accept: listener socket @776997591 is already closed&#xD;
17:41:57.171000/T61840*E:SRT.cn: srt_accept: listener socket @776997590 is already closed&#xD;
[swscaler @ 0000021c38b46040] deprecated pixel format used, make sure you did set range correctly&#xD;
17:41:58.215000/T46252!W:SRT.br: CRcvBuffer.readMessage(): nothing to read. Ignored isRcvDataReady() result?&#xD;
17:41:58.480000/T47744!W:SRT.br: CRcvBuffer.readMessage(): nothing to read. Ignored isRcvDataReady() result?&#xD;
[swscaler @ 0000021c360f7900] deprecated pixel format used, make sure you did set range correctly&#xD;
17:41:59.226000/T46252!W:SRT.br: CRcvBuffer.readMessage(): nothing to read. Ignored isRcvDataReady() result?&#xD;
17:41:59.481000/T47744!W:SRT.br: CRcvBuffer.readMessage(): nothing to read. Ignored isRcvDataReady() result?&#xD;
17:41:59.633000/T43272*E:SRT.cn: srt_accept: listener socket @776997597 is already closed&#xD;
17:41:59.635000/T36564*E:SRT.cn: srt_accept: listener socket @776997598 is already closed&#xD;
17:42:00.229000/T46252!W:SRT.br: CRcvBuffer.readMessage(): nothing to read. Ignored isRcvDataReady() result?&#xD;
17:42:00.493000/T47744!W:SRT.br: CRcvBuffer.readMessage(): nothing to read. Ignored isRcvDataReady() result?&#xD;
17:42:01.235000/T46252!W:SRT.br: CRcvBuffer.readMessage(): nothing to read. Ignored isRcvDataReady() result?&#xD;
17:42:01.498000/T47744!W:SRT.br: CRcvBuffer.readMessage(): nothing to read. Ignored isRcvDataReady() result?&#xD;
17:42:01.605000/T56764*E:SRT.cn: srt_accept: listener socket @776997594 is already closed&#xD;
17:42:01.606000/T60128*E:SRT.cn: srt_accept: listener socket @776997593 is already closed&#xD;
17:42:02.197000/T46252!W:SRT.br: CRcvBuffer.readMessage(): nothing to read. Ignored isRcvDataReady() result?&#xD;
17:42:02.463000/T47744!W:SRT.br: CRcvBuffer.readMessage(): nothing to read. Ignored isRcvDataReady() result?&#xD;
17:42:03.472000/T61708!W:SRT.br: CRcvBuffer.readMessage(): nothing to read. Ignored isRcvDataReady() result?&#xD;
17:42:04.516000/T61708!W:SRT.br: CRcvBuffer.readMessage(): nothing to read. Ignored isRcvDataReady() result?&#xD;
17:42:05.526000/T61708!W:SRT.br: CRcvBuffer.readMessage(): nothing to read. Ignored isRcvDataReady() result?&#xD;
17:42:06.530000/T61708!W:SRT.br: CRcvBuffer.readMessage(): nothing to read. Ignored isRcvDataReady() result?&#xD;
17:42:06.655000/T61708!W:SRT.br: CRcvBuffer.readMessage(): nothing to read. Ignored isRcvDataReady() result?&#xD;
17:42:22.856000/T62512*E:SRT.cn: srt_accept: listener socket @776997668 is already closed&#xD;
17:42:22.857000/T29472*E:SRT.cn: srt_accept: listener socket @776997666 is already closed&#xD;
[xUnit.net 00:00:54.21]       Assert.NotNull() Failure: Value is null&#xD;
[xUnit.net 00:00:54.21]       Stack Trace:&#xD;
[xUnit.net 00:00:54.21]         C:\Projects\dotnet-architecture-patterns\tests\StorageDemo.Tests\Integration\LiveStreamTests.cs(574,0): at StorageDemo.Tests.Integration.LiveStreamTests.A_reconnect_under_the_same_name_resumes_the_same_stream()&#xD;
[xUnit.net 00:00:54.21]         --- End of stack trace from previous location ---&#xD;
[swscaler @ 0000021c36bb3900] deprecated pixel format used, make sure you did set range correctly&#xD;
[swscaler @ 0000021c356cae40] deprecated pixel format used, make sure you did set range correctly&#xD;
[swscaler @ 0000021c356cae40] deprecated pixel format used, make sure you did set range correctly&#xD;
[swscaler @ 0000021c356cae40] deprecated pixel format used, make sure you did set range correctly&#xD;
[swscaler @ 0000021c356cae40] deprecated pixel format used, make sure you did set range correctly&#xD;
[swscaler @ 0000021c356cae40] deprecated pixel format used, make sure you did set range correctly&#xD;
[swscaler @ 0000021c356cae40] deprecated pixel format used, make sure you did set range correctly&#xD;
[swscaler @ 0000021c36998d80] deprecated pixel format used, make sure you did set range correctly&#xD;
[swscaler @ 0000021c36998d80] deprecated pixel format used, make sure you did set range correctly&#xD;
[swscaler @ 0000021c36998d80] deprecated pixel format used, make sure you did set range correctly&#xD;
[swscaler @ 0000021c36998d80] deprecated pixel format used, make sure you did set range correctly&#xD;
[swscaler @ 0000021c36998d80] deprecated pixel format used, make sure you did set range correctly&#xD;
[swscaler @ 0000021c359ae280] deprecated pixel format used, make sure you did set range correctly&#xD;
[swscaler @ 0000021c359ae280] deprecated pixel format used, make sure you did set range correctly&#xD;
[swscaler @ 0000021c383d1040] deprecated pixel format used, make sure you did set range correctly&#xD;
[swscaler @ 0000021c383d1040] deprecated pixel format used, make sure you did set range correctly&#xD;
[swscaler @ 0000021c383d1040] deprecated pixel format used, make sure you did set range correctly&#xD;
[swscaler @ 0000021c383d1040] deprecated pixel format used, make sure you did set range correctly&#xD;
[swscaler @ 0000021c383d1040] deprecated pixel format used, make sure you did set range correctly&#xD;
[swscaler @ 0000021c383d1040] deprecated pixel format used, make sure you did set range correctly&#xD;
[swscaler @ 0000021c383d1040] deprecated pixel format used, make sure you did set range correctly&#xD;
17:42:57.472000/T23976*E:SRT.cn: srt_accept: listener socket @776997587 is already closed&#xD;
17:42:57.473000/T60952*E:SRT.cn: srt_accept: listener socket @776997586 is already closed&#xD;
17:42:57.473000/T55444*E:SRT.cn: srt_accept: listener socket @776997585 is already closed&#xD;
17:42:57.768000/T20988*E:SRT.cn: srt_accept: listener socket @776997583 is already closed&#xD;
17:42:57.768000/T58312*E:SRT.cn: srt_accept: listener socket @776997582 is already closed&#xD;
17:42:57.768000/T42104*E:SRT.cn: srt_accept: listener socket @776997581 is already closed&#xD;
17:42:57.879000/T61724*E:SRT.cn: srt_accept: listener socket @776997578 is already closed&#xD;
17:42:57.879000/T50816*E:SRT.cn: srt_accept: listener socket @776997579 is already closed&#xD;
17:42:57.879000/T13292*E:SRT.cn: srt_accept: listener socket @776997580 is already closed&#xD;
17:42:57.980000/T36440*E:SRT.cn: srt_accept: listener socket @776997577 is already closed&#xD;
17:42:57.980000/T62116*E:SRT.cn: srt_accept: listener socket @776997576 is already closed&#xD;
17:42:57.980000/T64268*E:SRT.cn: srt_accept: listener socket @776997575 is already closed&#xD;
17:42:58.074000/T53488*E:SRT.cn: srt_accept: listener socket @776997574 is already closed&#xD;
17:42:58.075000/T11768*E:SRT.cn: srt_accept: listener socket @776997572 is already closed&#xD;
17:42:58.075000/T38260*E:SRT.cn: srt_accept: listener socket @776997573 is already closed&#xD;
[swscaler @ 0000021c38b9bb00] deprecated pixel format used, make sure you did set range correctly&#xD;
[swscaler @ 0000021c38b9bb00] deprecated pixel format used, make sure you did set range correctly&#xD;
[swscaler @ 0000021c38b9bb00] deprecated pixel format used, make sure you did set range correctly&#xD;
[swscaler @ 0000021c38b9bb00] deprecated pixel format used, make sure you did set range correctly&#xD;
[swscaler @ 0000021c36416e00] deprecated pixel format used, make sure you did set range correctly&#xD;
[swscaler @ 0000021c3896e580] deprecated pixel format used, make sure you did set range correctly&#xD;
[swscaler @ 0000021c38b9bb00] deprecated pixel format used, make sure you did set range correctly&#xD;
[swscaler @ 0000021c38b9bb00] deprecated pixel format used, make sure you did set range correctly&#xD;
[swscaler @ 0000021c38b9bb00] deprecated pixel format used, make sure you did set range correctly&#xD;
17:43:11.472000/T53236*E:SRT.cn: srt_accept: listener socket @776997571 is already closed&#xD;
17:43:11.473000/T21412*E:SRT.cn: srt_accept: listener socket @776997569 is already closed&#xD;
17:43:11.473000/T22616*E:SRT.cn: srt_accept: listener socket @776997570 is already closed&#xD;
[swscaler @ 0000021c38b9bb00] deprecated pixel format used, make sure you did set range correctly&#xD;
17:43:14.814000/T34132!W:SRT.br: CRcvBuffer.readMessage(): nothing to read. Ignored isRcvDataReady() result?&#xD;
17:43:15.823000/T34132!W:SRT.br: CRcvBuffer.readMessage(): nothing to read. Ignored isRcvDataReady() result?&#xD;
17:43:16.835000/T34132!W:SRT.br: CRcvBuffer.readMessage(): nothing to read. Ignored isRcvDataReady() result?&#xD;
17:43:17.839000/T34132!W:SRT.br: CRcvBuffer.readMessage(): nothing to read. Ignored isRcvDataReady() result?&#xD;
17:43:18.806000/T34132!W:SRT.br: CRcvBuffer.readMessage(): nothing to read. Ignored isRcvDataReady() result?&#xD;
17:43:25.991000/T48292*E:SRT.cn: srt_accept: listener socket @776997567 is already closed&#xD;
17:43:25.991000/T23792*E:SRT.cn: srt_accept: listener socket @776997566 is already closed&#xD;
17:43:25.992000/T21196*E:SRT.cn: srt_accept: listener socket @776997565 is already closed&#xD;
[swscaler @ 0000021c34b32280] deprecated pixel format used, make sure you did set range correctly&#xD;
17:43:28.189000/T62412*E:SRT.cn: srt_accept: listener socket @776997563 is already closed&#xD;
17:43:28.190000/T12768*E:SRT.cn: srt_accept: listener socket @776997562 is already closed&#xD;
17:43:28.190000/T19408*E:SRT.cn: srt_accept: listener socket @776997561 is already closed&#xD;
[swscaler @ 0000021c388e9d40] deprecated pixel format used, make sure you did set range correctly&#xD;
[swscaler @ 0000021c388e9d40] deprecated pixel format used, make sure you did set range correctly&#xD;
[swscaler @ 0000021c38d7dfc0] deprecated pixel format used, make sure you did set range correctly&#xD;
17:43:33.609000/T31916!W:SRT.cn: @776997555:newConnection: connection rejected due to: INTERNAL REJECTION - ERROR:PREDEFINED:409&#xD;
17:43:33.609000/T31916!W:SRT.cn: processConnectRequest: rsp(REJECT): 2409 - Application-defined rejection reason&#xD;
17:43:34.721000/T63768*E:SRT.cn: srt_accept: listener socket @776997559 is already closed&#xD;
17:43:34.721000/T58732*E:SRT.cn: srt_accept: listener socket @776997557 is already closed&#xD;
17:43:34.721000/T54216*E:SRT.cn: srt_accept: listener socket @776997558 is already closed&#xD;
[swscaler @ 0000021c35406940] deprecated pixel format used, make sure you did set range correctly&#xD;
[swscaler @ 0000021c361d3c00] deprecated pixel format used, make sure you did set range correctly&#xD;
[swscaler @ 0000021c361d3c00] deprecated pixel format used, make sure you did set range correctly&#xD;
[swscaler @ 0000021c34ee3900] deprecated pixel format used, make sure you did set range correctly&#xD;
[swscaler @ 0000021c34ee3900] deprecated pixel format used, make sure you did set range correctly&#xD;
[swscaler @ 0000021c34ee3900] deprecated pixel format used, make sure you did set range correctly&#xD;
[swscaler @ 0000021c38697040] deprecated pixel format used, make sure you did set range correctly&#xD;
[swscaler @ 0000021c3554f740] deprecated pixel format used, make sure you did set range correctly&#xD;
[swscaler @ 0000021c3554f740] deprecated pixel format used, make sure you did set range correctly&#xD;
[swscaler @ 0000021c3554f740] deprecated pixel format used, make sure you did set range correctly&#xD;
[swscaler @ 0000021c3554f740] deprecated pixel format used, make sure you did set range correctly&#xD;
[swscaler @ 0000021c3554f740] deprecated pixel format used, make sure you did set range correctly&#xD;
[swscaler @ 0000021c3554f740] deprecated pixel format used, make sure you did set range correctly&#xD;
[swscaler @ 0000021c3554f740] deprecated pixel format used, make sure you did set range correctly&#xD;
[swscaler @ 0000021c3567f440] deprecated pixel format used, make sure you did set range correctly&#xD;
[swscaler @ 0000021c3567f440] deprecated pixel format used, make sure you did set range correctly&#xD;
[swscaler @ 0000021c326d5ac0] deprecated pixel format used, make sure you did set range correctly&#xD;
17:44:03.105000/T43820*E:SRT.cn: srt_accept: listener socket @776997554 is already closed&#xD;
17:44:03.106000/T63844*E:SRT.cn: srt_accept: listener socket @776997553 is already closed&#xD;
17:44:03.106000/T49136*E:SRT.cn: srt_accept: listener socket @776997552 is already closed&#xD;
[swscaler @ 0000021c35406940] deprecated pixel format used, make sure you did set range correctly&#xD;
17:44:06.536000/T63760!W:SRT.br: CRcvBuffer.readMessage(): nothing to read. Ignored isRcvDataReady() result?&#xD;
17:44:07.549000/T63760!W:SRT.br: CRcvBuffer.readMessage(): nothing to read. Ignored isRcvDataReady() result?&#xD;
17:44:08.561000/T63760!W:SRT.br: CRcvBuffer.readMessage(): nothing to read. Ignored isRcvDataReady() result?&#xD;
17:44:09.567000/T63760!W:SRT.br: CRcvBuffer.readMessage(): nothing to read. Ignored isRcvDataReady() result?&#xD;
17:44:10.532000/T63760!W:SRT.br: CRcvBuffer.readMessage(): nothing to read. Ignored isRcvDataReady() result?&#xD;
[swscaler @ 0000021c3571c040] deprecated pixel format used, make sure you did set range correctly&#xD;
17:44:11.703000/T58984*E:SRT.cn: srt_accept: listener socket @776997550 is already closed&#xD;
17:44:11.704000/T33576*E:SRT.cn: srt_accept: listener socket @776997548 is already closed&#xD;
17:44:11.704000/T27132*E:SRT.cn: srt_accept: listener socket @776997549 is already closed&#xD;
17:44:11.998000/T44280*E:SRT.cn: srt_accept: listener socket @776997545 is already closed&#xD;
17:44:11.998000/T61048*E:SRT.cn: srt_accept: listener socket @776997544 is already closed&#xD;
17:44:11.998000/T14944*E:SRT.cn: srt_accept: listener socket @776997543 is already closed&#xD;
17:44:12.044000/T49504*E:SRT.cn: srt_accept: listener socket @776997542 is already closed&#xD;
17:44:12.044000/T8360*E:SRT.cn: srt_accept: listener socket @776997541 is already closed&#xD;
17:44:12.044000/T28356*E:SRT.cn: srt_accept: listener socket @776997540 is already closed&#xD;
17:44:12.105000/T42644*E:SRT.cn: srt_accept: listener socket @776997539 is already closed&#xD;
17:44:12.105000/T43908*E:SRT.cn: srt_accept: listener socket @776997537 is already closed&#xD;
17:44:12.105000/T58080*E:SRT.cn: srt_accept: listener socket @776997538 is already closed&#xD;
[xUnit.net 00:02:43.46]   Finished:    StorageDemo.Tests (ID = '7b92bf6b49c0444f4180558e4cf262b9d9bdd46cfc8b2c761c05d4aa8f1da76c')&#xD;
</StdOut>
    </Output>
    <RunInfos>
      <RunInfo computerName="TPG-PF68GP5X" outcome="Warning" timestamp="2026-09-12T17:41:31.6458265+02:00">
        <Text>[xUnit.net 00:00:02.97]     StorageDemo.Tests.Infrastructure.PostgresDocumentRepositoryTests.Can_insert_and_read_a_document [SKIP]</Text>
      </RunInfo>
      <RunInfo computerName="TPG-PF68GP5X" outcome="Warning" timestamp="2026-09-12T17:41:31.6530107+02:00">
        <Text>[xUnit.net 00:00:02.98]     StorageDemo.Tests.Infrastructure.PostgresDocumentRepositoryTests.Delete_removes_the_document [SKIP]</Text>
      </RunInfo>
      <RunInfo computerName="TPG-PF68GP5X" outcome="Warning" timestamp="2026-09-12T17:41:31.6530262+02:00">
        <Text>[xUnit.net 00:00:02.99]     StorageDemo.Tests.Infrastructure.PostgresDocumentRepositoryTests.Upsert_inserts_when_the_document_is_new [SKIP]</Text>
      </RunInfo>
      <RunInfo computerName="TPG-PF68GP5X" outcome="Warning" timestamp="2026-09-12T17:41:31.6534286+02:00">
        <Text>[xUnit.net 00:00:02.99]     StorageDemo.Tests.Infrastructure.PostgresDocumentRepositoryTests.Upsert_replaces_an_existing_document_without_duplicating_it [SKIP]</Text>
      </RunInfo>
      <RunInfo computerName="TPG-PF68GP5X" outcome="Warning" timestamp="2026-09-12T17:41:31.6576452+02:00">
        <Text>[xUnit.net 00:00:02.99]     StorageDemo.Tests.Infrastructure.PostgresDocumentRepositoryTests.GetAll_returns_every_document [SKIP]</Text>
      </RunInfo>
      <RunInfo computerName="TPG-PF68GP5X" outcome="Warning" timestamp="2026-09-12T17:41:31.6644276+02:00">
        <Text>[xUnit.net 00:00:03.00]     StorageDemo.Tests.Infrastructure.PostgresDocumentRepositoryTests.Delete_of_an_unknown_id_succeeds [SKIP]</Text>
      </RunInfo>
      <RunInfo computerName="TPG-PF68GP5X" outcome="Warning" timestamp="2026-09-12T17:41:31.6654116+02:00">
        <Text>[xUnit.net 00:00:03.00]     StorageDemo.Tests.Infrastructure.PostgresDocumentRepositoryTests.Reading_an_unknown_id_returns_null [SKIP]</Text>
      </RunInfo>
      <RunInfo computerName="TPG-PF68GP5X" outcome="Warning" timestamp="2026-09-12T17:41:31.6759556+02:00">
        <Text>[xUnit.net 00:00:03.00]     StorageDemo.Tests.Infrastructure.PostgresDocumentRepositoryTests.GetAll_is_empty_for_a_fresh_database [SKIP]</Text>
      </RunInfo>
      <RunInfo computerName="TPG-PF68GP5X" outcome="Error" timestamp="2026-09-12T17:42:22.8735514+02:00">
        <Text>[xUnit.net 00:00:54.21]     StorageDemo.Tests.Integration.LiveStreamTests.A_reconnect_under_the_same_name_resumes_the_same_stream [FAIL]</Text>
      </RunInfo>
    </RunInfos>
  </ResultSummary>
</TestRun>